<?xml version="1.0" encoding="UTF-8"?>
<coverage generated="1749459875051" clover="3.2.0">
  <project timestamp="1749459875052" name="All files">
    <metrics statements="55" coveredstatements="40" conditionals="18" coveredconditionals="14" methods="19" coveredmethods="13" elements="92" coveredelements="67" complexity="0" loc="55" ncloc="55" packages="1" files="1" classes="1"/>
    <file name="enigma.js" path="C:\Users\khasan.rashidov\Desktop\edu-ai-challenge-2025\6\enigma.js">
      <metrics statements="55" coveredstatements="40" conditionals="18" coveredconditionals="14" methods="19" coveredmethods="13"/>
      <line num="1" count="1" type="stmt"/>
      <line num="3" count="1" type="stmt"/>
      <line num="5" count="402" type="stmt"/>
      <line num="8" count="1" type="stmt"/>
      <line num="13" count="1" type="stmt"/>
      <line num="16" count="61" type="stmt"/>
      <line num="17" count="6" type="cond" truecount="2" falsecount="0"/>
      <line num="18" count="4" type="cond" truecount="2" falsecount="0"/>
      <line num="20" count="58" type="stmt"/>
      <line num="25" count="28" type="stmt"/>
      <line num="26" count="28" type="stmt"/>
      <line num="27" count="28" type="stmt"/>
      <line num="28" count="28" type="stmt"/>
      <line num="31" count="58" type="stmt"/>
      <line num="34" count="171" type="stmt"/>
      <line num="37" count="172" type="stmt"/>
      <line num="38" count="172" type="stmt"/>
      <line num="41" count="172" type="stmt"/>
      <line num="42" count="172" type="stmt"/>
      <line num="48" count="9" type="stmt"/>
      <line num="50" count="27" type="stmt"/>
      <line num="57" count="9" type="stmt"/>
      <line num="61" count="57" type="cond" truecount="2" falsecount="0"/>
      <line num="64" count="57" type="cond" truecount="1" falsecount="1"/>
      <line num="65" count="0" type="stmt"/>
      <line num="69" count="57" type="cond" truecount="2" falsecount="0"/>
      <line num="70" count="1" type="stmt"/>
      <line num="74" count="57" type="stmt"/>
      <line num="77" count="64" type="cond" truecount="2" falsecount="0"/>
      <line num="78" count="57" type="stmt"/>
      <line num="79" count="57" type="stmt"/>
      <line num="80" count="57" type="stmt"/>
      <line num="81" count="171" type="stmt"/>
      <line num="84" count="57" type="stmt"/>
      <line num="86" count="57" type="stmt"/>
      <line num="87" count="171" type="stmt"/>
      <line num="90" count="57" type="stmt"/>
      <line num="93" count="9" type="stmt"/>
      <line num="96" count="64" type="stmt"/>
      <line num="102" count="0" type="stmt"/>
      <line num="106" count="0" type="stmt"/>
      <line num="107" count="0" type="stmt"/>
      <line num="108" count="0" type="stmt"/>
      <line num="109" count="0" type="stmt"/>
      <line num="110" count="0" type="stmt"/>
      <line num="111" count="0" type="stmt"/>
      <line num="113" count="0" type="cond" truecount="0" falsecount="2"/>
      <line num="116" count="0" type="stmt"/>
      <line num="118" count="0" type="stmt"/>
      <line num="124" count="0" type="stmt"/>
      <line num="125" count="0" type="stmt"/>
      <line num="126" count="0" type="stmt"/>
      <line num="133" count="1" type="cond" truecount="1" falsecount="1"/>
      <line num="134" count="0" type="stmt"/>
      <line num="137" count="1" type="stmt"/>
    </file>
  </project>
</coverage>
