{"C:\\Users\\khasan.rashidov\\Desktop\\edu-ai-challenge-2025\\6\\enigma.js": {"path":"C:\\Users\\khasan.rashidov\\Desktop\\edu-ai-challenge-2025\\6\\enigma.js","statementMap":{"0":{"start":{"line":1,"column":17},"end":{"line":1,"column":36}},"1":{"start":{"line":3,"column":17},"end":{"line":3,"column":45}},"2":{"start":{"line":5,"column":2},"end":{"line":5,"column":27}},"3":{"start":{"line":8,"column":15},"end":{"line":12,"column":1}},"4":{"start":{"line":13,"column":18},"end":{"line":13,"column":46}},"5":{"start":{"line":16,"column":2},"end":{"line":19,"column":3}},"6":{"start":{"line":17,"column":4},"end":{"line":17,"column":26}},"7":{"start":{"line":17,"column":17},"end":{"line":17,"column":26}},"8":{"start":{"line":18,"column":4},"end":{"line":18,"column":26}},"9":{"start":{"line":18,"column":17},"end":{"line":18,"column":26}},"10":{"start":{"line":20,"column":2},"end":{"line":20,"column":11}},"11":{"start":{"line":25,"column":4},"end":{"line":25,"column":25}},"12":{"start":{"line":26,"column":4},"end":{"line":26,"column":23}},"13":{"start":{"line":27,"column":4},"end":{"line":27,"column":35}},"14":{"start":{"line":28,"column":4},"end":{"line":28,"column":29}},"15":{"start":{"line":31,"column":4},"end":{"line":31,"column":47}},"16":{"start":{"line":34,"column":4},"end":{"line":34,"column":50}},"17":{"start":{"line":37,"column":16},"end":{"line":37,"column":79}},"18":{"start":{"line":38,"column":4},"end":{"line":38,"column":28}},"19":{"start":{"line":41,"column":16},"end":{"line":41,"column":38}},"20":{"start":{"line":42,"column":4},"end":{"line":42,"column":69}},"21":{"start":{"line":48,"column":4},"end":{"line":56,"column":6}},"22":{"start":{"line":50,"column":8},"end":{"line":55,"column":9}},"23":{"start":{"line":57,"column":4},"end":{"line":57,"column":41}},"24":{"start":{"line":61,"column":27},"end":{"line":61,"column":79}},"25":{"start":{"line":64,"column":4},"end":{"line":66,"column":5}},"26":{"start":{"line":65,"column":6},"end":{"line":65,"column":28}},"27":{"start":{"line":69,"column":4},"end":{"line":71,"column":5}},"28":{"start":{"line":70,"column":6},"end":{"line":70,"column":28}},"29":{"start":{"line":74,"column":4},"end":{"line":74,"column":26}},"30":{"start":{"line":77,"column":4},"end":{"line":77,"column":40}},"31":{"start":{"line":77,"column":31},"end":{"line":77,"column":40}},"32":{"start":{"line":78,"column":4},"end":{"line":78,"column":22}},"33":{"start":{"line":79,"column":4},"end":{"line":79,"column":46}},"34":{"start":{"line":80,"column":4},"end":{"line":82,"column":5}},"35":{"start":{"line":80,"column":17},"end":{"line":80,"column":39}},"36":{"start":{"line":81,"column":6},"end":{"line":81,"column":36}},"37":{"start":{"line":84,"column":4},"end":{"line":84,"column":39}},"38":{"start":{"line":86,"column":4},"end":{"line":88,"column":5}},"39":{"start":{"line":86,"column":17},"end":{"line":86,"column":18}},"40":{"start":{"line":87,"column":6},"end":{"line":87,"column":37}},"41":{"start":{"line":90,"column":4},"end":{"line":90,"column":13}},"42":{"start":{"line":93,"column":4},"end":{"line":97,"column":16}},"43":{"start":{"line":96,"column":18},"end":{"line":96,"column":37}},"44":{"start":{"line":102,"column":13},"end":{"line":105,"column":4}},"45":{"start":{"line":106,"column":2},"end":{"line":130,"column":5}},"46":{"start":{"line":107,"column":4},"end":{"line":129,"column":7}},"47":{"start":{"line":108,"column":29},"end":{"line":108,"column":58}},"48":{"start":{"line":109,"column":6},"end":{"line":128,"column":9}},"49":{"start":{"line":110,"column":29},"end":{"line":110,"column":59}},"50":{"start":{"line":111,"column":8},"end":{"line":127,"column":11}},"51":{"start":{"line":113,"column":12},"end":{"line":116,"column":55}},"52":{"start":{"line":116,"column":30},"end":{"line":116,"column":48}},"53":{"start":{"line":118,"column":25},"end":{"line":123,"column":11}},"54":{"start":{"line":124,"column":25},"end":{"line":124,"column":48}},"55":{"start":{"line":125,"column":10},"end":{"line":125,"column":41}},"56":{"start":{"line":126,"column":10},"end":{"line":126,"column":21}},"57":{"start":{"line":133,"column":0},"end":{"line":135,"column":1}},"58":{"start":{"line":134,"column":2},"end":{"line":134,"column":17}},"59":{"start":{"line":137,"column":0},"end":{"line":137,"column":79}}},"fnMap":{"0":{"name":"mod","decl":{"start":{"line":4,"column":9},"end":{"line":4,"column":12}},"loc":{"start":{"line":4,"column":19},"end":{"line":6,"column":1}},"line":4},"1":{"name":"plugboardSwap","decl":{"start":{"line":15,"column":9},"end":{"line":15,"column":22}},"loc":{"start":{"line":15,"column":33},"end":{"line":21,"column":1}},"line":15},"2":{"name":"(anonymous_2)","decl":{"start":{"line":24,"column":2},"end":{"line":24,"column":3}},"loc":{"start":{"line":24,"column":60},"end":{"line":29,"column":3}},"line":24},"3":{"name":"(anonymous_3)","decl":{"start":{"line":30,"column":2},"end":{"line":30,"column":3}},"loc":{"start":{"line":30,"column":9},"end":{"line":32,"column":3}},"line":30},"4":{"name":"(anonymous_4)","decl":{"start":{"line":33,"column":2},"end":{"line":33,"column":3}},"loc":{"start":{"line":33,"column":12},"end":{"line":35,"column":3}},"line":33},"5":{"name":"(anonymous_5)","decl":{"start":{"line":36,"column":2},"end":{"line":36,"column":3}},"loc":{"start":{"line":36,"column":13},"end":{"line":39,"column":3}},"line":36},"6":{"name":"(anonymous_6)","decl":{"start":{"line":40,"column":2},"end":{"line":40,"column":3}},"loc":{"start":{"line":40,"column":14},"end":{"line":43,"column":3}},"line":40},"7":{"name":"(anonymous_7)","decl":{"start":{"line":47,"column":2},"end":{"line":47,"column":3}},"loc":{"start":{"line":47,"column":70},"end":{"line":58,"column":3}},"line":47},"8":{"name":"(anonymous_8)","decl":{"start":{"line":49,"column":6},"end":{"line":49,"column":7}},"loc":{"start":{"line":50,"column":8},"end":{"line":55,"column":9}},"line":50},"9":{"name":"(anonymous_9)","decl":{"start":{"line":59,"column":2},"end":{"line":59,"column":3}},"loc":{"start":{"line":59,"column":15},"end":{"line":75,"column":3}},"line":59},"10":{"name":"(anonymous_10)","decl":{"start":{"line":76,"column":2},"end":{"line":76,"column":3}},"loc":{"start":{"line":76,"column":17},"end":{"line":91,"column":3}},"line":76},"11":{"name":"(anonymous_11)","decl":{"start":{"line":92,"column":2},"end":{"line":92,"column":3}},"loc":{"start":{"line":92,"column":16},"end":{"line":98,"column":3}},"line":92},"12":{"name":"(anonymous_12)","decl":{"start":{"line":96,"column":11},"end":{"line":96,"column":12}},"loc":{"start":{"line":96,"column":18},"end":{"line":96,"column":37}},"line":96},"13":{"name":"promptEnigma","decl":{"start":{"line":101,"column":9},"end":{"line":101,"column":21}},"loc":{"start":{"line":101,"column":24},"end":{"line":131,"column":1}},"line":101},"14":{"name":"(anonymous_14)","decl":{"start":{"line":106,"column":33},"end":{"line":106,"column":34}},"loc":{"start":{"line":106,"column":46},"end":{"line":130,"column":3}},"line":106},"15":{"name":"(anonymous_15)","decl":{"start":{"line":107,"column":50},"end":{"line":107,"column":51}},"loc":{"start":{"line":107,"column":62},"end":{"line":129,"column":5}},"line":107},"16":{"name":"(anonymous_16)","decl":{"start":{"line":109,"column":50},"end":{"line":109,"column":51}},"loc":{"start":{"line":109,"column":63},"end":{"line":128,"column":7}},"line":109},"17":{"name":"(anonymous_17)","decl":{"start":{"line":111,"column":54},"end":{"line":111,"column":55}},"loc":{"start":{"line":111,"column":67},"end":{"line":127,"column":9}},"line":111},"18":{"name":"(anonymous_18)","decl":{"start":{"line":116,"column":20},"end":{"line":116,"column":21}},"loc":{"start":{"line":116,"column":30},"end":{"line":116,"column":48}},"line":116}},"branchMap":{"0":{"loc":{"start":{"line":17,"column":4},"end":{"line":17,"column":26}},"type":"if","locations":[{"start":{"line":17,"column":4},"end":{"line":17,"column":26}},{"start":{},"end":{}}],"line":17},"1":{"loc":{"start":{"line":18,"column":4},"end":{"line":18,"column":26}},"type":"if","locations":[{"start":{"line":18,"column":4},"end":{"line":18,"column":26}},{"start":{},"end":{}}],"line":18},"2":{"loc":{"start":{"line":24,"column":29},"end":{"line":24,"column":44}},"type":"default-arg","locations":[{"start":{"line":24,"column":43},"end":{"line":24,"column":44}}],"line":24},"3":{"loc":{"start":{"line":24,"column":46},"end":{"line":24,"column":58}},"type":"default-arg","locations":[{"start":{"line":24,"column":57},"end":{"line":24,"column":58}}],"line":24},"4":{"loc":{"start":{"line":61,"column":27},"end":{"line":61,"column":79}},"type":"binary-expr","locations":[{"start":{"line":61,"column":27},"end":{"line":61,"column":51}},{"start":{"line":61,"column":55},"end":{"line":61,"column":79}}],"line":61},"5":{"loc":{"start":{"line":64,"column":4},"end":{"line":66,"column":5}},"type":"if","locations":[{"start":{"line":64,"column":4},"end":{"line":66,"column":5}},{"start":{},"end":{}}],"line":64},"6":{"loc":{"start":{"line":69,"column":4},"end":{"line":71,"column":5}},"type":"if","locations":[{"start":{"line":69,"column":4},"end":{"line":71,"column":5}},{"start":{},"end":{}}],"line":69},"7":{"loc":{"start":{"line":77,"column":4},"end":{"line":77,"column":40}},"type":"if","locations":[{"start":{"line":77,"column":4},"end":{"line":77,"column":40}},{"start":{},"end":{}}],"line":77},"8":{"loc":{"start":{"line":113,"column":12},"end":{"line":116,"column":55}},"type":"binary-expr","locations":[{"start":{"line":113,"column":12},"end":{"line":116,"column":49}},{"start":{"line":116,"column":53},"end":{"line":116,"column":55}}],"line":113},"9":{"loc":{"start":{"line":133,"column":0},"end":{"line":135,"column":1}},"type":"if","locations":[{"start":{"line":133,"column":0},"end":{"line":135,"column":1}},{"start":{},"end":{}}],"line":133}},"s":{"0":1,"1":1,"2":402,"3":1,"4":1,"5":61,"6":6,"7":2,"8":4,"9":1,"10":58,"11":28,"12":28,"13":28,"14":28,"15":58,"16":171,"17":172,"18":172,"19":172,"20":172,"21":9,"22":27,"23":9,"24":57,"25":57,"26":0,"27":57,"28":1,"29":57,"30":64,"31":7,"32":57,"33":57,"34":57,"35":57,"36":171,"37":57,"38":57,"39":57,"40":171,"41":57,"42":9,"43":64,"44":0,"45":0,"46":0,"47":0,"48":0,"49":0,"50":0,"51":0,"52":0,"53":0,"54":0,"55":0,"56":0,"57":1,"58":0,"59":1},"f":{"0":402,"1":61,"2":28,"3":58,"4":171,"5":172,"6":172,"7":9,"8":27,"9":57,"10":64,"11":9,"12":64,"13":0,"14":0,"15":0,"16":0,"17":0,"18":0},"b":{"0":[2,4],"1":[1,3],"2":[1],"3":[1],"4":[57,57],"5":[0,57],"6":[1,56],"7":[7,57],"8":[0,0],"9":[0,1]},"_coverageSchema":"1a1c01bbd47fc00a2c39e90264f33305004495a9","hash":"c97c0cb7e897878064cc98a2f4887d01fbe2e6dd"}
}
