TN:
SF:enigma.js
FN:4,mod
FN:15,plugboardSwap
FN:24,(anonymous_2)
FN:30,(anonymous_3)
FN:33,(anonymous_4)
FN:36,(anonymous_5)
FN:40,(anonymous_6)
FN:47,(anonymous_7)
FN:49,(anonymous_8)
FN:59,(anonymous_9)
FN:76,(anonymous_10)
FN:92,(anonymous_11)
FN:96,(anonymous_12)
FN:101,promptEnigma
FN:106,(anonymous_14)
FN:107,(anonymous_15)
FN:109,(anonymous_16)
FN:111,(anonymous_17)
FN:116,(anonymous_18)
FNF:19
FNH:13
FNDA:402,mod
FNDA:61,plugboardSwap
FNDA:28,(anonymous_2)
FNDA:58,(anonymous_3)
FNDA:171,(anonymous_4)
FNDA:172,(anonymous_5)
FNDA:172,(anonymous_6)
FNDA:9,(anonymous_7)
FNDA:27,(anonymous_8)
FNDA:57,(anonymous_9)
FNDA:64,(anonymous_10)
FNDA:9,(anonymous_11)
FNDA:64,(anonymous_12)
FNDA:0,promptEnigma
FNDA:0,(anonymous_14)
FNDA:0,(anonymous_15)
FNDA:0,(anonymous_16)
FNDA:0,(anonymous_17)
FNDA:0,(anonymous_18)
DA:1,1
DA:3,1
DA:5,402
DA:8,1
DA:13,1
DA:16,61
DA:17,6
DA:18,4
DA:20,58
DA:25,28
DA:26,28
DA:27,28
DA:28,28
DA:31,58
DA:34,171
DA:37,172
DA:38,172
DA:41,172
DA:42,172
DA:48,9
DA:50,27
DA:57,9
DA:61,57
DA:64,57
DA:65,0
DA:69,57
DA:70,1
DA:74,57
DA:77,64
DA:78,57
DA:79,57
DA:80,57
DA:81,171
DA:84,57
DA:86,57
DA:87,171
DA:90,57
DA:93,9
DA:96,64
DA:102,0
DA:106,0
DA:107,0
DA:108,0
DA:109,0
DA:110,0
DA:111,0
DA:113,0
DA:116,0
DA:118,0
DA:124,0
DA:125,0
DA:126,0
DA:133,1
DA:134,0
DA:137,1
LF:55
LH:40
BRDA:17,0,0,2
BRDA:17,0,1,4
BRDA:18,1,0,1
BRDA:18,1,1,3
BRDA:24,2,0,1
BRDA:24,3,0,1
BRDA:61,4,0,57
BRDA:61,4,1,57
BRDA:64,5,0,0
BRDA:64,5,1,57
BRDA:69,6,0,1
BRDA:69,6,1,56
BRDA:77,7,0,7
BRDA:77,7,1,57
BRDA:113,8,0,0
BRDA:113,8,1,0
BRDA:133,9,0,0
BRDA:133,9,1,1
BRF:18
BRH:14
end_of_record
