<?xml version="1.0" encoding="UTF-8"?>
<coverage generated="1749805798356" clover="3.2.0">
  <project timestamp="1749805798356" name="All files">
    <metrics statements="151" coveredstatements="132" conditionals="90" coveredconditionals="84" methods="39" coveredmethods="30" elements="280" coveredelements="246" complexity="0" loc="151" ncloc="151" packages="2" files="9" classes="9"/>
    <package name="src">
      <metrics statements="24" coveredstatements="15" conditionals="2" coveredconditionals="2" methods="15" coveredmethods="7"/>
      <file name="index.ts" path="C:\Users\khasan.rashidov\Desktop\edu-ai-challenge-2025\8\src\index.ts">
        <metrics statements="7" coveredstatements="0" conditionals="0" coveredconditionals="0" methods="7" coveredmethods="0"/>
        <line num="1" count="0" type="stmt"/>
        <line num="3" count="0" type="stmt"/>
        <line num="4" count="0" type="stmt"/>
        <line num="5" count="0" type="stmt"/>
        <line num="6" count="0" type="stmt"/>
        <line num="7" count="0" type="stmt"/>
        <line num="8" count="0" type="stmt"/>
      </file>
      <file name="schema.ts" path="C:\Users\khasan.rashidov\Desktop\edu-ai-challenge-2025\8\src\schema.ts">
        <metrics statements="13" coveredstatements="13" conditionals="0" coveredconditionals="0" methods="6" coveredmethods="6"/>
        <line num="2" count="1" type="stmt"/>
        <line num="3" count="1" type="stmt"/>
        <line num="4" count="1" type="stmt"/>
        <line num="5" count="1" type="stmt"/>
        <line num="6" count="1" type="stmt"/>
        <line num="7" count="1" type="stmt"/>
        <line num="12" count="1" type="stmt"/>
        <line num="17" count="5" type="stmt"/>
        <line num="24" count="2" type="stmt"/>
        <line num="31" count="1" type="stmt"/>
        <line num="38" count="2" type="stmt"/>
        <line num="47" count="1" type="stmt"/>
        <line num="54" count="2" type="stmt"/>
      </file>
      <file name="validator.ts" path="C:\Users\khasan.rashidov\Desktop\edu-ai-challenge-2025\8\src\validator.ts">
        <metrics statements="4" coveredstatements="2" conditionals="2" coveredconditionals="2" methods="2" coveredmethods="1"/>
        <line num="28" count="1" type="stmt"/>
        <line num="35" count="0" type="stmt"/>
        <line num="36" count="0" type="stmt"/>
        <line num="43" count="18" type="stmt"/>
      </file>
    </package>
    <package name="src.validators">
      <metrics statements="127" coveredstatements="117" conditionals="88" coveredconditionals="82" methods="24" coveredmethods="23"/>
      <file name="array.validator.ts" path="C:\Users\khasan.rashidov\Desktop\edu-ai-challenge-2025\8\src\validators\array.validator.ts">
        <metrics statements="34" coveredstatements="32" conditionals="19" coveredconditionals="18" methods="6" coveredmethods="6"/>
        <line num="1" count="1" type="stmt"/>
        <line num="11" count="1" type="stmt"/>
        <line num="14" count="2" type="stmt"/>
        <line num="16" count="2" type="stmt"/>
        <line num="17" count="2" type="stmt"/>
        <line num="24" count="1" type="stmt"/>
        <line num="25" count="1" type="stmt"/>
        <line num="32" count="1" type="stmt"/>
        <line num="33" count="1" type="stmt"/>
        <line num="40" count="1" type="stmt"/>
        <line num="41" count="1" type="stmt"/>
        <line num="48" count="7" type="cond" truecount="3" falsecount="0"/>
        <line num="49" count="1" type="cond" truecount="1" falsecount="0"/>
        <line num="50" count="1" type="stmt"/>
        <line num="52" count="0" type="stmt"/>
        <line num="58" count="6" type="cond" truecount="0" falsecount="1"/>
        <line num="59" count="0" type="stmt"/>
        <line num="65" count="6" type="stmt"/>
        <line num="67" count="6" type="cond" truecount="1" falsecount="0"/>
        <line num="71" count="1" type="stmt"/>
        <line num="78" count="6" type="cond" truecount="1" falsecount="0"/>
        <line num="82" count="1" type="stmt"/>
        <line num="87" count="6" type="stmt"/>
        <line num="88" count="6" type="stmt"/>
        <line num="90" count="6" type="stmt"/>
        <line num="91" count="12" type="stmt"/>
        <line num="92" count="12" type="cond" truecount="2" falsecount="0"/>
        <line num="93" count="2" type="stmt"/>
        <line num="94" count="2" type="cond" truecount="1" falsecount="0"/>
        <line num="95" count="2" type="stmt"/>
        <line num="96" count="2" type="stmt"/>
        <line num="102" count="10" type="cond" truecount="1" falsecount="0"/>
        <line num="103" count="10" type="stmt"/>
        <line num="107" count="6" type="stmt"/>
      </file>
      <file name="boolean.validator.ts" path="C:\Users\khasan.rashidov\Desktop\edu-ai-challenge-2025\8\src\validators\boolean.validator.ts">
        <metrics statements="5" coveredstatements="5" conditionals="1" coveredconditionals="1" methods="1" coveredmethods="1"/>
        <line num="1" count="1" type="stmt"/>
        <line num="6" count="1" type="stmt"/>
        <line num="11" count="2" type="cond" truecount="1" falsecount="0"/>
        <line num="12" count="1" type="stmt"/>
        <line num="18" count="1" type="stmt"/>
      </file>
      <file name="date.validator.ts" path="C:\Users\khasan.rashidov\Desktop\edu-ai-challenge-2025\8\src\validators\date.validator.ts">
        <metrics statements="27" coveredstatements="26" conditionals="21" coveredconditionals="20" methods="5" coveredmethods="5"/>
        <line num="1" count="1" type="stmt"/>
        <line num="6" count="1" type="stmt"/>
        <line num="9" count="2" type="stmt"/>
        <line num="15" count="1" type="stmt"/>
        <line num="16" count="1" type="stmt"/>
        <line num="23" count="1" type="stmt"/>
        <line num="24" count="1" type="stmt"/>
        <line num="31" count="1" type="stmt"/>
        <line num="32" count="1" type="stmt"/>
        <line num="39" count="6" type="cond" truecount="3" falsecount="0"/>
        <line num="40" count="1" type="cond" truecount="1" falsecount="0"/>
        <line num="41" count="1" type="stmt"/>
        <line num="43" count="0" type="stmt"/>
        <line num="50" count="5" type="cond" truecount="2" falsecount="0"/>
        <line num="51" count="3" type="stmt"/>
        <line num="52" count="2" type="cond" truecount="2" falsecount="1"/>
        <line num="53" count="2" type="stmt"/>
        <line num="54" count="2" type="cond" truecount="1" falsecount="0"/>
        <line num="55" count="1" type="stmt"/>
        <line num="59" count="5" type="cond" truecount="1" falsecount="0"/>
        <line num="60" count="1" type="stmt"/>
        <line num="66" count="4" type="stmt"/>
        <line num="67" count="4" type="cond" truecount="3" falsecount="0"/>
        <line num="68" count="1" type="stmt"/>
        <line num="74" count="4" type="cond" truecount="3" falsecount="0"/>
        <line num="75" count="1" type="stmt"/>
        <line num="82" count="4" type="stmt"/>
      </file>
      <file name="number.validator.ts" path="C:\Users\khasan.rashidov\Desktop\edu-ai-challenge-2025\8\src\validators\number.validator.ts">
        <metrics statements="18" coveredstatements="17" conditionals="16" coveredconditionals="15" methods="4" coveredmethods="4"/>
        <line num="1" count="1" type="stmt"/>
        <line num="6" count="1" type="stmt"/>
        <line num="15" count="2" type="stmt"/>
        <line num="16" count="2" type="stmt"/>
        <line num="23" count="2" type="stmt"/>
        <line num="24" count="2" type="stmt"/>
        <line num="31" count="1" type="stmt"/>
        <line num="32" count="1" type="stmt"/>
        <line num="39" count="7" type="cond" truecount="2" falsecount="1"/>
        <line num="40" count="0" type="stmt"/>
        <line num="46" count="7" type="stmt"/>
        <line num="48" count="7" type="cond" truecount="3" falsecount="0"/>
        <line num="49" count="2" type="stmt"/>
        <line num="52" count="7" type="cond" truecount="3" falsecount="0"/>
        <line num="53" count="1" type="stmt"/>
        <line num="56" count="7" type="cond" truecount="3" falsecount="0"/>
        <line num="57" count="1" type="stmt"/>
        <line num="60" count="7" type="stmt"/>
      </file>
      <file name="object.validator.ts" path="C:\Users\khasan.rashidov\Desktop\edu-ai-challenge-2025\8\src\validators\object.validator.ts">
        <metrics statements="25" coveredstatements="19" conditionals="17" coveredconditionals="14" methods="4" coveredmethods="3"/>
        <line num="1" count="1" type="stmt"/>
        <line num="11" count="1" type="stmt"/>
        <line num="14" count="1" type="stmt"/>
        <line num="16" count="1" type="stmt"/>
        <line num="17" count="1" type="stmt"/>
        <line num="24" count="0" type="stmt"/>
        <line num="25" count="0" type="stmt"/>
        <line num="32" count="3" type="cond" truecount="2" falsecount="1"/>
        <line num="33" count="0" type="cond" truecount="0" falsecount="1"/>
        <line num="34" count="0" type="stmt"/>
        <line num="36" count="0" type="stmt"/>
        <line num="42" count="3" type="cond" truecount="2" falsecount="1"/>
        <line num="43" count="0" type="stmt"/>
        <line num="49" count="3" type="stmt"/>
        <line num="50" count="3" type="stmt"/>
        <line num="52" count="3" type="stmt"/>
        <line num="53" count="12" type="stmt"/>
        <line num="54" count="12" type="stmt"/>
        <line num="56" count="12" type="cond" truecount="2" falsecount="0"/>
        <line num="57" count="4" type="cond" truecount="1" falsecount="0"/>
        <line num="58" count="4" type="stmt"/>
        <line num="59" count="4" type="stmt"/>
        <line num="65" count="8" type="cond" truecount="1" falsecount="0"/>
        <line num="66" count="7" type="stmt"/>
        <line num="70" count="3" type="stmt"/>
      </file>
      <file name="string.validator.ts" path="C:\Users\khasan.rashidov\Desktop\edu-ai-challenge-2025\8\src\validators\string.validator.ts">
        <metrics statements="18" coveredstatements="18" conditionals="14" coveredconditionals="14" methods="4" coveredmethods="4"/>
        <line num="1" count="1" type="stmt"/>
        <line num="6" count="1" type="stmt"/>
        <line num="15" count="2" type="stmt"/>
        <line num="16" count="2" type="stmt"/>
        <line num="23" count="1" type="stmt"/>
        <line num="24" count="1" type="stmt"/>
        <line num="31" count="2" type="stmt"/>
        <line num="32" count="2" type="stmt"/>
        <line num="39" count="22" type="cond" truecount="1" falsecount="0"/>
        <line num="40" count="2" type="stmt"/>
        <line num="46" count="20" type="stmt"/>
        <line num="48" count="20" type="cond" truecount="1" falsecount="0"/>
        <line num="52" count="2" type="stmt"/>
        <line num="59" count="20" type="cond" truecount="1" falsecount="0"/>
        <line num="63" count="1" type="stmt"/>
        <line num="70" count="20" type="cond" truecount="3" falsecount="0"/>
        <line num="71" count="3" type="stmt"/>
        <line num="76" count="20" type="stmt"/>
      </file>
    </package>
  </project>
</coverage>
