{"C:\\Users\\khasan.rashidov\\Desktop\\edu-ai-challenge-2025\\8\\src\\index.ts": {"path":"C:\\Users\\khasan.rashidov\\Desktop\\edu-ai-challenge-2025\\8\\src\\index.ts","statementMap":{"0":{"start":{"line":1,"column":0},"end":{"line":1,"column":9}},"1":{"start":{"line":1,"column":9},"end":{"line":1,"column":34}},"2":{"start":{"line":3,"column":0},"end":{"line":3,"column":9}},"3":{"start":{"line":3,"column":9},"end":{"line":3,"column":64}},"4":{"start":{"line":4,"column":0},"end":{"line":4,"column":9}},"5":{"start":{"line":4,"column":9},"end":{"line":4,"column":64}},"6":{"start":{"line":5,"column":0},"end":{"line":5,"column":9}},"7":{"start":{"line":5,"column":9},"end":{"line":5,"column":66}},"8":{"start":{"line":6,"column":0},"end":{"line":6,"column":9}},"9":{"start":{"line":6,"column":9},"end":{"line":6,"column":62}},"10":{"start":{"line":7,"column":0},"end":{"line":7,"column":9}},"11":{"start":{"line":7,"column":9},"end":{"line":7,"column":64}},"12":{"start":{"line":8,"column":0},"end":{"line":8,"column":9}},"13":{"start":{"line":8,"column":9},"end":{"line":8,"column":60}}},"fnMap":{"0":{"name":"(anonymous_0)","decl":{"start":{"line":1,"column":9},"end":{"line":1,"column":15}},"loc":{"start":{"line":1,"column":9},"end":{"line":1,"column":34}}},"1":{"name":"(anonymous_1)","decl":{"start":{"line":3,"column":9},"end":{"line":3,"column":24}},"loc":{"start":{"line":3,"column":9},"end":{"line":3,"column":64}}},"2":{"name":"(anonymous_2)","decl":{"start":{"line":4,"column":9},"end":{"line":4,"column":24}},"loc":{"start":{"line":4,"column":9},"end":{"line":4,"column":64}}},"3":{"name":"(anonymous_3)","decl":{"start":{"line":5,"column":9},"end":{"line":5,"column":25}},"loc":{"start":{"line":5,"column":9},"end":{"line":5,"column":66}}},"4":{"name":"(anonymous_4)","decl":{"start":{"line":6,"column":9},"end":{"line":6,"column":23}},"loc":{"start":{"line":6,"column":9},"end":{"line":6,"column":62}}},"5":{"name":"(anonymous_5)","decl":{"start":{"line":7,"column":9},"end":{"line":7,"column":24}},"loc":{"start":{"line":7,"column":9},"end":{"line":7,"column":64}}},"6":{"name":"(anonymous_6)","decl":{"start":{"line":8,"column":9},"end":{"line":8,"column":22}},"loc":{"start":{"line":8,"column":9},"end":{"line":8,"column":60}}}},"branchMap":{},"s":{"0":0,"1":0,"2":0,"3":0,"4":0,"5":0,"6":0,"7":0,"8":0,"9":0,"10":0,"11":0,"12":0,"13":0},"f":{"0":0,"1":0,"2":0,"3":0,"4":0,"5":0,"6":0},"b":{}}
,"C:\\Users\\khasan.rashidov\\Desktop\\edu-ai-challenge-2025\\8\\src\\schema.ts": {"path":"C:\\Users\\khasan.rashidov\\Desktop\\edu-ai-challenge-2025\\8\\src\\schema.ts","statementMap":{"0":{"start":{"line":2,"column":0},"end":{"line":2,"column":64}},"1":{"start":{"line":3,"column":0},"end":{"line":3,"column":64}},"2":{"start":{"line":4,"column":0},"end":{"line":4,"column":66}},"3":{"start":{"line":5,"column":0},"end":{"line":5,"column":62}},"4":{"start":{"line":6,"column":0},"end":{"line":6,"column":64}},"5":{"start":{"line":7,"column":0},"end":{"line":7,"column":60}},"6":{"start":{"line":17,"column":4},"end":{"line":17,"column":33}},"7":{"start":{"line":24,"column":4},"end":{"line":24,"column":33}},"8":{"start":{"line":31,"column":4},"end":{"line":31,"column":34}},"9":{"start":{"line":38,"column":4},"end":{"line":38,"column":48}},"10":{"start":{"line":47,"column":4},"end":{"line":47,"column":42}},"11":{"start":{"line":54,"column":4},"end":{"line":54,"column":31}},"12":{"start":{"line":12,"column":0},"end":{"line":12,"column":13}}},"fnMap":{"0":{"name":"(anonymous_0)","decl":{"start":{"line":16,"column":2},"end":{"line":16,"column":8}},"loc":{"start":{"line":16,"column":15},"end":{"line":18,"column":3}}},"1":{"name":"(anonymous_1)","decl":{"start":{"line":23,"column":2},"end":{"line":23,"column":8}},"loc":{"start":{"line":23,"column":15},"end":{"line":25,"column":3}}},"2":{"name":"(anonymous_2)","decl":{"start":{"line":30,"column":2},"end":{"line":30,"column":8}},"loc":{"start":{"line":30,"column":16},"end":{"line":32,"column":3}}},"3":{"name":"(anonymous_3)","decl":{"start":{"line":37,"column":2},"end":{"line":37,"column":8}},"loc":{"start":{"line":37,"column":45},"end":{"line":39,"column":3}}},"4":{"name":"(anonymous_4)","decl":{"start":{"line":44,"column":2},"end":{"line":44,"column":8}},"loc":{"start":{"line":45,"column":42},"end":{"line":48,"column":3}}},"5":{"name":"(anonymous_5)","decl":{"start":{"line":53,"column":2},"end":{"line":53,"column":8}},"loc":{"start":{"line":53,"column":13},"end":{"line":55,"column":3}}}},"branchMap":{},"s":{"0":1,"1":1,"2":1,"3":1,"4":1,"5":1,"6":5,"7":2,"8":1,"9":2,"10":1,"11":2,"12":1},"f":{"0":5,"1":2,"2":1,"3":2,"4":1,"5":2},"b":{}}
,"C:\\Users\\khasan.rashidov\\Desktop\\edu-ai-challenge-2025\\8\\src\\validator.ts": {"path":"C:\\Users\\khasan.rashidov\\Desktop\\edu-ai-challenge-2025\\8\\src\\validator.ts","statementMap":{"0":{"start":{"line":35,"column":4},"end":{"line":35,"column":33}},"1":{"start":{"line":36,"column":4},"end":{"line":36,"column":16}},"2":{"start":{"line":43,"column":4},"end":{"line":46,"column":6}},"3":{"start":{"line":28,"column":0},"end":{"line":28,"column":22}}},"fnMap":{"0":{"name":"(anonymous_0)","decl":{"start":{"line":34,"column":2},"end":{"line":34,"column":13}},"loc":{"start":{"line":34,"column":29},"end":{"line":37,"column":3}}},"1":{"name":"(anonymous_1)","decl":{"start":{"line":42,"column":12},"end":{"line":42,"column":23}},"loc":{"start":{"line":42,"column":39},"end":{"line":47,"column":3}}}},"branchMap":{"0":{"loc":{"start":{"line":45,"column":15},"end":{"line":45,"column":44}},"type":"binary-expr","locations":[{"start":{"line":45,"column":15},"end":{"line":45,"column":33}},{"start":{"line":45,"column":37},"end":{"line":45,"column":44}}]}},"s":{"0":0,"1":0,"2":18,"3":1},"f":{"0":0,"1":18},"b":{"0":[18,18]}}
,"C:\\Users\\khasan.rashidov\\Desktop\\edu-ai-challenge-2025\\8\\src\\validators\\array.validator.ts": {"path":"C:\\Users\\khasan.rashidov\\Desktop\\edu-ai-challenge-2025\\8\\src\\validators\\array.validator.ts","statementMap":{"0":{"start":{"line":1,"column":0},"end":{"line":1,"column":null}},"1":{"start":{"line":17,"column":4},"end":{"line":17,"column":12}},"2":{"start":{"line":16,"column":22},"end":{"line":16,"column":49}},"3":{"start":{"line":14,"column":10},"end":{"line":14,"column":29}},"4":{"start":{"line":24,"column":4},"end":{"line":24,"column":33}},"5":{"start":{"line":25,"column":4},"end":{"line":25,"column":16}},"6":{"start":{"line":32,"column":4},"end":{"line":32,"column":33}},"7":{"start":{"line":33,"column":4},"end":{"line":33,"column":16}},"8":{"start":{"line":40,"column":4},"end":{"line":40,"column":27}},"9":{"start":{"line":41,"column":4},"end":{"line":41,"column":16}},"10":{"start":{"line":48,"column":4},"end":{"line":56,"column":5}},"11":{"start":{"line":49,"column":6},"end":{"line":51,"column":7}},"12":{"start":{"line":50,"column":8},"end":{"line":50,"column":51}},"13":{"start":{"line":52,"column":6},"end":{"line":55,"column":8}},"14":{"start":{"line":58,"column":4},"end":{"line":63,"column":5}},"15":{"start":{"line":59,"column":6},"end":{"line":62,"column":8}},"16":{"start":{"line":65,"column":38},"end":{"line":65,"column":40}},"17":{"start":{"line":67,"column":4},"end":{"line":76,"column":5}},"18":{"start":{"line":71,"column":6},"end":{"line":75,"column":8}},"19":{"start":{"line":78,"column":4},"end":{"line":85,"column":5}},"20":{"start":{"line":82,"column":6},"end":{"line":84,"column":8}},"21":{"start":{"line":87,"column":32},"end":{"line":87,"column":34}},"22":{"start":{"line":88,"column":24},"end":{"line":88,"column":29}},"23":{"start":{"line":90,"column":4},"end":{"line":105,"column":5}},"24":{"start":{"line":90,"column":17},"end":{"line":90,"column":18}},"25":{"start":{"line":91,"column":25},"end":{"line":91,"column":62}},"26":{"start":{"line":92,"column":6},"end":{"line":104,"column":7}},"27":{"start":{"line":93,"column":8},"end":{"line":93,"column":29}},"28":{"start":{"line":94,"column":8},"end":{"line":101,"column":9}},"29":{"start":{"line":95,"column":10},"end":{"line":100,"column":12}},"30":{"start":{"line":96,"column":49},"end":{"line":99,"column":14}},"31":{"start":{"line":102,"column":13},"end":{"line":104,"column":7}},"32":{"start":{"line":103,"column":8},"end":{"line":103,"column":46}},"33":{"start":{"line":107,"column":4},"end":{"line":111,"column":6}},"34":{"start":{"line":11,"column":0},"end":{"line":11,"column":13}}},"fnMap":{"0":{"name":"(anonymous_0)","decl":{"start":{"line":16,"column":2},"end":{"line":16,"column":22}},"loc":{"start":{"line":16,"column":49},"end":{"line":18,"column":3}}},"1":{"name":"(anonymous_1)","decl":{"start":{"line":23,"column":2},"end":{"line":23,"column":11}},"loc":{"start":{"line":23,"column":26},"end":{"line":26,"column":3}}},"2":{"name":"(anonymous_2)","decl":{"start":{"line":31,"column":2},"end":{"line":31,"column":11}},"loc":{"start":{"line":31,"column":26},"end":{"line":34,"column":3}}},"3":{"name":"(anonymous_3)","decl":{"start":{"line":39,"column":2},"end":{"line":39,"column":10}},"loc":{"start":{"line":39,"column":10},"end":{"line":42,"column":3}}},"4":{"name":"(anonymous_4)","decl":{"start":{"line":47,"column":2},"end":{"line":47,"column":10}},"loc":{"start":{"line":47,"column":25},"end":{"line":112,"column":3}}},"5":{"name":"(anonymous_5)","decl":{"start":{"line":96,"column":37},"end":{"line":96,"column":38}},"loc":{"start":{"line":96,"column":49},"end":{"line":99,"column":14}}}},"branchMap":{"0":{"loc":{"start":{"line":48,"column":4},"end":{"line":56,"column":5}},"type":"if","locations":[{"start":{"line":48,"column":4},"end":{"line":56,"column":5}}]},"1":{"loc":{"start":{"line":48,"column":8},"end":{"line":48,"column":45}},"type":"binary-expr","locations":[{"start":{"line":48,"column":8},"end":{"line":48,"column":27}},{"start":{"line":48,"column":31},"end":{"line":48,"column":45}}]},"2":{"loc":{"start":{"line":49,"column":6},"end":{"line":51,"column":7}},"type":"if","locations":[{"start":{"line":49,"column":6},"end":{"line":51,"column":7}}]},"3":{"loc":{"start":{"line":58,"column":4},"end":{"line":63,"column":5}},"type":"if","locations":[{"start":{"line":58,"column":4},"end":{"line":63,"column":5}}]},"4":{"loc":{"start":{"line":67,"column":4},"end":{"line":76,"column":5}},"type":"if","locations":[{"start":{"line":67,"column":4},"end":{"line":76,"column":5}}]},"5":{"loc":{"start":{"line":68,"column":6},"end":{"line":69,"column":40}},"type":"binary-expr","locations":[{"start":{"line":68,"column":6},"end":{"line":68,"column":39}},{"start":{"line":69,"column":6},"end":{"line":69,"column":40}}]},"6":{"loc":{"start":{"line":78,"column":4},"end":{"line":85,"column":5}},"type":"if","locations":[{"start":{"line":78,"column":4},"end":{"line":85,"column":5}}]},"7":{"loc":{"start":{"line":79,"column":6},"end":{"line":80,"column":40}},"type":"binary-expr","locations":[{"start":{"line":79,"column":6},"end":{"line":79,"column":39}},{"start":{"line":80,"column":6},"end":{"line":80,"column":40}}]},"8":{"loc":{"start":{"line":92,"column":6},"end":{"line":104,"column":7}},"type":"if","locations":[{"start":{"line":92,"column":6},"end":{"line":104,"column":7}},{"start":{"line":102,"column":13},"end":{"line":104,"column":7}}]},"9":{"loc":{"start":{"line":94,"column":8},"end":{"line":101,"column":9}},"type":"if","locations":[{"start":{"line":94,"column":8},"end":{"line":101,"column":9}}]},"10":{"loc":{"start":{"line":102,"column":13},"end":{"line":104,"column":7}},"type":"if","locations":[{"start":{"line":102,"column":13},"end":{"line":104,"column":7}}]},"11":{"loc":{"start":{"line":109,"column":13},"end":{"line":109,"column":56}},"type":"cond-expr","locations":[{"start":{"line":109,"column":30},"end":{"line":109,"column":44}},{"start":{"line":109,"column":47},"end":{"line":109,"column":56}}]},"12":{"loc":{"start":{"line":110,"column":14},"end":{"line":110,"column":52}},"type":"cond-expr","locations":[{"start":{"line":110,"column":34},"end":{"line":110,"column":40}},{"start":{"line":110,"column":43},"end":{"line":110,"column":52}}]}},"s":{"0":1,"1":2,"2":2,"3":2,"4":1,"5":1,"6":1,"7":1,"8":1,"9":1,"10":7,"11":1,"12":1,"13":0,"14":6,"15":0,"16":6,"17":6,"18":1,"19":6,"20":1,"21":6,"22":6,"23":6,"24":6,"25":12,"26":12,"27":2,"28":2,"29":2,"30":2,"31":10,"32":10,"33":6,"34":1},"f":{"0":2,"1":1,"2":1,"3":1,"4":7,"5":2},"b":{"0":[1],"1":[7,6],"2":[1],"3":[0],"4":[1],"5":[6,4],"6":[1],"7":[6,4],"8":[2,10],"9":[2],"10":[10],"11":[4,2],"12":[4,2]}}
,"C:\\Users\\khasan.rashidov\\Desktop\\edu-ai-challenge-2025\\8\\src\\validators\\boolean.validator.ts": {"path":"C:\\Users\\khasan.rashidov\\Desktop\\edu-ai-challenge-2025\\8\\src\\validators\\boolean.validator.ts","statementMap":{"0":{"start":{"line":1,"column":0},"end":{"line":1,"column":63}},"1":{"start":{"line":11,"column":4},"end":{"line":16,"column":5}},"2":{"start":{"line":12,"column":6},"end":{"line":15,"column":8}},"3":{"start":{"line":18,"column":4},"end":{"line":21,"column":6}},"4":{"start":{"line":6,"column":0},"end":{"line":6,"column":13}}},"fnMap":{"0":{"name":"(anonymous_0)","decl":{"start":{"line":10,"column":2},"end":{"line":10,"column":10}},"loc":{"start":{"line":10,"column":25},"end":{"line":22,"column":3}}}},"branchMap":{"0":{"loc":{"start":{"line":11,"column":4},"end":{"line":16,"column":5}},"type":"if","locations":[{"start":{"line":11,"column":4},"end":{"line":16,"column":5}}]}},"s":{"0":1,"1":2,"2":1,"3":1,"4":1},"f":{"0":2},"b":{"0":[1]}}
,"C:\\Users\\khasan.rashidov\\Desktop\\edu-ai-challenge-2025\\8\\src\\validators\\date.validator.ts": {"path":"C:\\Users\\khasan.rashidov\\Desktop\\edu-ai-challenge-2025\\8\\src\\validators\\date.validator.ts","statementMap":{"0":{"start":{"line":1,"column":0},"end":{"line":1,"column":80}},"1":{"start":{"line":9,"column":10},"end":{"line":9,"column":29}},"2":{"start":{"line":15,"column":4},"end":{"line":15,"column":24}},"3":{"start":{"line":16,"column":4},"end":{"line":16,"column":16}},"4":{"start":{"line":23,"column":4},"end":{"line":23,"column":24}},"5":{"start":{"line":24,"column":4},"end":{"line":24,"column":16}},"6":{"start":{"line":31,"column":4},"end":{"line":31,"column":27}},"7":{"start":{"line":32,"column":4},"end":{"line":32,"column":16}},"8":{"start":{"line":39,"column":4},"end":{"line":47,"column":5}},"9":{"start":{"line":40,"column":6},"end":{"line":42,"column":7}},"10":{"start":{"line":41,"column":8},"end":{"line":41,"column":51}},"11":{"start":{"line":43,"column":6},"end":{"line":46,"column":8}},"12":{"start":{"line":50,"column":4},"end":{"line":57,"column":5}},"13":{"start":{"line":51,"column":6},"end":{"line":51,"column":24}},"14":{"start":{"line":52,"column":11},"end":{"line":57,"column":5}},"15":{"start":{"line":53,"column":21},"end":{"line":53,"column":36}},"16":{"start":{"line":54,"column":6},"end":{"line":56,"column":7}},"17":{"start":{"line":55,"column":8},"end":{"line":55,"column":27}},"18":{"start":{"line":59,"column":4},"end":{"line":64,"column":5}},"19":{"start":{"line":60,"column":6},"end":{"line":63,"column":8}},"20":{"start":{"line":66,"column":38},"end":{"line":66,"column":40}},"21":{"start":{"line":67,"column":4},"end":{"line":73,"column":5}},"22":{"start":{"line":68,"column":6},"end":{"line":72,"column":8}},"23":{"start":{"line":74,"column":4},"end":{"line":80,"column":5}},"24":{"start":{"line":75,"column":6},"end":{"line":79,"column":8}},"25":{"start":{"line":82,"column":4},"end":{"line":86,"column":6}},"26":{"start":{"line":6,"column":0},"end":{"line":6,"column":13}}},"fnMap":{"0":{"name":"(anonymous_0)","decl":{"start":{"line":6,"column":0},"end":{"line":6,"column":13}},"loc":{"start":{"line":6,"column":0},"end":{"line":88,"column":1}}},"1":{"name":"(anonymous_1)","decl":{"start":{"line":14,"column":2},"end":{"line":14,"column":5}},"loc":{"start":{"line":14,"column":16},"end":{"line":17,"column":3}}},"2":{"name":"(anonymous_2)","decl":{"start":{"line":22,"column":2},"end":{"line":22,"column":5}},"loc":{"start":{"line":22,"column":16},"end":{"line":25,"column":3}}},"3":{"name":"(anonymous_3)","decl":{"start":{"line":30,"column":2},"end":{"line":30,"column":10}},"loc":{"start":{"line":30,"column":10},"end":{"line":33,"column":3}}},"4":{"name":"(anonymous_4)","decl":{"start":{"line":38,"column":2},"end":{"line":38,"column":10}},"loc":{"start":{"line":38,"column":25},"end":{"line":87,"column":3}}}},"branchMap":{"0":{"loc":{"start":{"line":39,"column":4},"end":{"line":47,"column":5}},"type":"if","locations":[{"start":{"line":39,"column":4},"end":{"line":47,"column":5}}]},"1":{"loc":{"start":{"line":39,"column":8},"end":{"line":39,"column":45}},"type":"binary-expr","locations":[{"start":{"line":39,"column":8},"end":{"line":39,"column":27}},{"start":{"line":39,"column":31},"end":{"line":39,"column":45}}]},"2":{"loc":{"start":{"line":40,"column":6},"end":{"line":42,"column":7}},"type":"if","locations":[{"start":{"line":40,"column":6},"end":{"line":42,"column":7}}]},"3":{"loc":{"start":{"line":50,"column":4},"end":{"line":57,"column":5}},"type":"if","locations":[{"start":{"line":50,"column":4},"end":{"line":57,"column":5}},{"start":{"line":52,"column":11},"end":{"line":57,"column":5}}]},"4":{"loc":{"start":{"line":52,"column":11},"end":{"line":57,"column":5}},"type":"if","locations":[{"start":{"line":52,"column":11},"end":{"line":57,"column":5}}]},"5":{"loc":{"start":{"line":52,"column":15},"end":{"line":52,"column":69}},"type":"binary-expr","locations":[{"start":{"line":52,"column":15},"end":{"line":52,"column":40}},{"start":{"line":52,"column":44},"end":{"line":52,"column":69}}]},"6":{"loc":{"start":{"line":54,"column":6},"end":{"line":56,"column":7}},"type":"if","locations":[{"start":{"line":54,"column":6},"end":{"line":56,"column":7}}]},"7":{"loc":{"start":{"line":59,"column":4},"end":{"line":64,"column":5}},"type":"if","locations":[{"start":{"line":59,"column":4},"end":{"line":64,"column":5}}]},"8":{"loc":{"start":{"line":67,"column":4},"end":{"line":73,"column":5}},"type":"if","locations":[{"start":{"line":67,"column":4},"end":{"line":73,"column":5}}]},"9":{"loc":{"start":{"line":67,"column":8},"end":{"line":67,"column":48}},"type":"binary-expr","locations":[{"start":{"line":67,"column":8},"end":{"line":67,"column":20}},{"start":{"line":67,"column":24},"end":{"line":67,"column":48}}]},"10":{"loc":{"start":{"line":74,"column":4},"end":{"line":80,"column":5}},"type":"if","locations":[{"start":{"line":74,"column":4},"end":{"line":80,"column":5}}]},"11":{"loc":{"start":{"line":74,"column":8},"end":{"line":74,"column":48}},"type":"binary-expr","locations":[{"start":{"line":74,"column":8},"end":{"line":74,"column":20}},{"start":{"line":74,"column":24},"end":{"line":74,"column":48}}]},"12":{"loc":{"start":{"line":84,"column":13},"end":{"line":84,"column":56}},"type":"cond-expr","locations":[{"start":{"line":84,"column":35},"end":{"line":84,"column":44}},{"start":{"line":84,"column":47},"end":{"line":84,"column":56}}]},"13":{"loc":{"start":{"line":85,"column":14},"end":{"line":85,"column":52}},"type":"cond-expr","locations":[{"start":{"line":85,"column":34},"end":{"line":85,"column":40}},{"start":{"line":85,"column":43},"end":{"line":85,"column":52}}]}},"s":{"0":1,"1":2,"2":1,"3":1,"4":1,"5":1,"6":1,"7":1,"8":6,"9":1,"10":1,"11":0,"12":5,"13":3,"14":2,"15":2,"16":2,"17":1,"18":5,"19":1,"20":4,"21":4,"22":1,"23":4,"24":1,"25":4,"26":1},"f":{"0":2,"1":1,"2":1,"3":1,"4":6},"b":{"0":[1],"1":[6,5],"2":[1],"3":[3,2],"4":[2],"5":[2,0],"6":[1],"7":[1],"8":[1],"9":[4,4],"10":[1],"11":[4,4],"12":[2,2],"13":[2,2]}}
,"C:\\Users\\khasan.rashidov\\Desktop\\edu-ai-challenge-2025\\8\\src\\validators\\number.validator.ts": {"path":"C:\\Users\\khasan.rashidov\\Desktop\\edu-ai-challenge-2025\\8\\src\\validators\\number.validator.ts","statementMap":{"0":{"start":{"line":1,"column":0},"end":{"line":1,"column":80}},"1":{"start":{"line":15,"column":4},"end":{"line":15,"column":26}},"2":{"start":{"line":16,"column":4},"end":{"line":16,"column":16}},"3":{"start":{"line":23,"column":4},"end":{"line":23,"column":26}},"4":{"start":{"line":24,"column":4},"end":{"line":24,"column":16}},"5":{"start":{"line":31,"column":4},"end":{"line":31,"column":26}},"6":{"start":{"line":32,"column":4},"end":{"line":32,"column":16}},"7":{"start":{"line":39,"column":4},"end":{"line":44,"column":5}},"8":{"start":{"line":40,"column":6},"end":{"line":43,"column":8}},"9":{"start":{"line":46,"column":38},"end":{"line":46,"column":40}},"10":{"start":{"line":48,"column":4},"end":{"line":50,"column":5}},"11":{"start":{"line":49,"column":6},"end":{"line":49,"column":80}},"12":{"start":{"line":52,"column":4},"end":{"line":54,"column":5}},"13":{"start":{"line":53,"column":6},"end":{"line":53,"column":79}},"14":{"start":{"line":56,"column":4},"end":{"line":58,"column":5}},"15":{"start":{"line":57,"column":6},"end":{"line":57,"column":65}},"16":{"start":{"line":60,"column":4},"end":{"line":64,"column":6}},"17":{"start":{"line":6,"column":0},"end":{"line":6,"column":13}}},"fnMap":{"0":{"name":"(anonymous_0)","decl":{"start":{"line":14,"column":2},"end":{"line":14,"column":5}},"loc":{"start":{"line":14,"column":19},"end":{"line":17,"column":3}}},"1":{"name":"(anonymous_1)","decl":{"start":{"line":22,"column":2},"end":{"line":22,"column":5}},"loc":{"start":{"line":22,"column":19},"end":{"line":25,"column":3}}},"2":{"name":"(anonymous_2)","decl":{"start":{"line":30,"column":2},"end":{"line":30,"column":9}},"loc":{"start":{"line":30,"column":9},"end":{"line":33,"column":3}}},"3":{"name":"(anonymous_3)","decl":{"start":{"line":38,"column":2},"end":{"line":38,"column":10}},"loc":{"start":{"line":38,"column":25},"end":{"line":65,"column":3}}}},"branchMap":{"0":{"loc":{"start":{"line":39,"column":4},"end":{"line":44,"column":5}},"type":"if","locations":[{"start":{"line":39,"column":4},"end":{"line":44,"column":5}}]},"1":{"loc":{"start":{"line":39,"column":8},"end":{"line":39,"column":49}},"type":"binary-expr","locations":[{"start":{"line":39,"column":8},"end":{"line":39,"column":33}},{"start":{"line":39,"column":37},"end":{"line":39,"column":49}}]},"2":{"loc":{"start":{"line":48,"column":4},"end":{"line":50,"column":5}},"type":"if","locations":[{"start":{"line":48,"column":4},"end":{"line":50,"column":5}}]},"3":{"loc":{"start":{"line":48,"column":8},"end":{"line":48,"column":60}},"type":"binary-expr","locations":[{"start":{"line":48,"column":8},"end":{"line":48,"column":35}},{"start":{"line":48,"column":39},"end":{"line":48,"column":60}}]},"4":{"loc":{"start":{"line":52,"column":4},"end":{"line":54,"column":5}},"type":"if","locations":[{"start":{"line":52,"column":4},"end":{"line":54,"column":5}}]},"5":{"loc":{"start":{"line":52,"column":8},"end":{"line":52,"column":60}},"type":"binary-expr","locations":[{"start":{"line":52,"column":8},"end":{"line":52,"column":35}},{"start":{"line":52,"column":39},"end":{"line":52,"column":60}}]},"6":{"loc":{"start":{"line":56,"column":4},"end":{"line":58,"column":5}},"type":"if","locations":[{"start":{"line":56,"column":4},"end":{"line":58,"column":5}}]},"7":{"loc":{"start":{"line":56,"column":8},"end":{"line":56,"column":50}},"type":"binary-expr","locations":[{"start":{"line":56,"column":8},"end":{"line":56,"column":22}},{"start":{"line":56,"column":26},"end":{"line":56,"column":50}}]},"8":{"loc":{"start":{"line":62,"column":13},"end":{"line":62,"column":52}},"type":"cond-expr","locations":[{"start":{"line":62,"column":35},"end":{"line":62,"column":40}},{"start":{"line":62,"column":43},"end":{"line":62,"column":52}}]},"9":{"loc":{"start":{"line":63,"column":14},"end":{"line":63,"column":52}},"type":"cond-expr","locations":[{"start":{"line":63,"column":34},"end":{"line":63,"column":40}},{"start":{"line":63,"column":43},"end":{"line":63,"column":52}}]}},"s":{"0":1,"1":2,"2":2,"3":2,"4":2,"5":1,"6":1,"7":7,"8":0,"9":7,"10":7,"11":2,"12":7,"13":1,"14":7,"15":1,"16":7,"17":1},"f":{"0":2,"1":2,"2":1,"3":7},"b":{"0":[0],"1":[7,7],"2":[2],"3":[7,7],"4":[1],"5":[7,7],"6":[1],"7":[7,4],"8":[3,4],"9":[4,3]}}
,"C:\\Users\\khasan.rashidov\\Desktop\\edu-ai-challenge-2025\\8\\src\\validators\\object.validator.ts": {"path":"C:\\Users\\khasan.rashidov\\Desktop\\edu-ai-challenge-2025\\8\\src\\validators\\object.validator.ts","statementMap":{"0":{"start":{"line":1,"column":0},"end":{"line":1,"column":null}},"1":{"start":{"line":17,"column":4},"end":{"line":17,"column":12}},"2":{"start":{"line":16,"column":22},"end":{"line":16,"column":60}},"3":{"start":{"line":14,"column":10},"end":{"line":14,"column":29}},"4":{"start":{"line":24,"column":4},"end":{"line":24,"column":27}},"5":{"start":{"line":25,"column":4},"end":{"line":25,"column":16}},"6":{"start":{"line":32,"column":4},"end":{"line":40,"column":5}},"7":{"start":{"line":33,"column":6},"end":{"line":35,"column":7}},"8":{"start":{"line":34,"column":8},"end":{"line":34,"column":51}},"9":{"start":{"line":36,"column":6},"end":{"line":39,"column":8}},"10":{"start":{"line":42,"column":4},"end":{"line":47,"column":5}},"11":{"start":{"line":43,"column":6},"end":{"line":46,"column":8}},"12":{"start":{"line":49,"column":38},"end":{"line":49,"column":40}},"13":{"start":{"line":50,"column":40},"end":{"line":50,"column":42}},"14":{"start":{"line":52,"column":4},"end":{"line":68,"column":5}},"15":{"start":{"line":53,"column":26},"end":{"line":53,"column":44}},"16":{"start":{"line":54,"column":21},"end":{"line":54,"column":51}},"17":{"start":{"line":56,"column":6},"end":{"line":67,"column":7}},"18":{"start":{"line":57,"column":8},"end":{"line":64,"column":9}},"19":{"start":{"line":58,"column":10},"end":{"line":63,"column":12}},"20":{"start":{"line":59,"column":45},"end":{"line":62,"column":14}},"21":{"start":{"line":65,"column":13},"end":{"line":67,"column":7}},"22":{"start":{"line":66,"column":8},"end":{"line":66,"column":55}},"23":{"start":{"line":70,"column":4},"end":{"line":74,"column":6}},"24":{"start":{"line":11,"column":0},"end":{"line":11,"column":13}}},"fnMap":{"0":{"name":"(anonymous_0)","decl":{"start":{"line":16,"column":2},"end":{"line":16,"column":22}},"loc":{"start":{"line":16,"column":60},"end":{"line":18,"column":3}}},"1":{"name":"(anonymous_1)","decl":{"start":{"line":23,"column":2},"end":{"line":23,"column":10}},"loc":{"start":{"line":23,"column":10},"end":{"line":26,"column":3}}},"2":{"name":"(anonymous_2)","decl":{"start":{"line":31,"column":2},"end":{"line":31,"column":10}},"loc":{"start":{"line":31,"column":25},"end":{"line":75,"column":3}}},"3":{"name":"(anonymous_3)","decl":{"start":{"line":59,"column":33},"end":{"line":59,"column":34}},"loc":{"start":{"line":59,"column":45},"end":{"line":62,"column":14}}}},"branchMap":{"0":{"loc":{"start":{"line":32,"column":4},"end":{"line":40,"column":5}},"type":"if","locations":[{"start":{"line":32,"column":4},"end":{"line":40,"column":5}}]},"1":{"loc":{"start":{"line":32,"column":8},"end":{"line":32,"column":45}},"type":"binary-expr","locations":[{"start":{"line":32,"column":8},"end":{"line":32,"column":27}},{"start":{"line":32,"column":31},"end":{"line":32,"column":45}}]},"2":{"loc":{"start":{"line":33,"column":6},"end":{"line":35,"column":7}},"type":"if","locations":[{"start":{"line":33,"column":6},"end":{"line":35,"column":7}}]},"3":{"loc":{"start":{"line":42,"column":4},"end":{"line":47,"column":5}},"type":"if","locations":[{"start":{"line":42,"column":4},"end":{"line":47,"column":5}}]},"4":{"loc":{"start":{"line":42,"column":8},"end":{"line":42,"column":57}},"type":"binary-expr","locations":[{"start":{"line":42,"column":8},"end":{"line":42,"column":33}},{"start":{"line":42,"column":37},"end":{"line":42,"column":57}}]},"5":{"loc":{"start":{"line":56,"column":6},"end":{"line":67,"column":7}},"type":"if","locations":[{"start":{"line":56,"column":6},"end":{"line":67,"column":7}},{"start":{"line":65,"column":13},"end":{"line":67,"column":7}}]},"6":{"loc":{"start":{"line":57,"column":8},"end":{"line":64,"column":9}},"type":"if","locations":[{"start":{"line":57,"column":8},"end":{"line":64,"column":9}}]},"7":{"loc":{"start":{"line":61,"column":20},"end":{"line":61,"column":61}},"type":"cond-expr","locations":[{"start":{"line":61,"column":33},"end":{"line":61,"column":55}},{"start":{"line":61,"column":58},"end":{"line":61,"column":61}}]},"8":{"loc":{"start":{"line":65,"column":13},"end":{"line":67,"column":7}},"type":"if","locations":[{"start":{"line":65,"column":13},"end":{"line":67,"column":7}}]},"9":{"loc":{"start":{"line":72,"column":13},"end":{"line":72,"column":69}},"type":"cond-expr","locations":[{"start":{"line":72,"column":36},"end":{"line":72,"column":57}},{"start":{"line":72,"column":60},"end":{"line":72,"column":69}}]},"10":{"loc":{"start":{"line":73,"column":14},"end":{"line":73,"column":52}},"type":"cond-expr","locations":[{"start":{"line":73,"column":34},"end":{"line":73,"column":40}},{"start":{"line":73,"column":43},"end":{"line":73,"column":52}}]}},"s":{"0":1,"1":1,"2":1,"3":1,"4":0,"5":0,"6":3,"7":0,"8":0,"9":0,"10":3,"11":0,"12":3,"13":3,"14":3,"15":12,"16":12,"17":12,"18":4,"19":4,"20":4,"21":8,"22":7,"23":3,"24":1},"f":{"0":1,"1":0,"2":3,"3":4},"b":{"0":[0],"1":[3,3],"2":[0],"3":[0],"4":[3,3],"5":[4,8],"6":[4],"7":[1,3],"8":[7],"9":[2,1],"10":[1,2]}}
,"C:\\Users\\khasan.rashidov\\Desktop\\edu-ai-challenge-2025\\8\\src\\validators\\string.validator.ts": {"path":"C:\\Users\\khasan.rashidov\\Desktop\\edu-ai-challenge-2025\\8\\src\\validators\\string.validator.ts","statementMap":{"0":{"start":{"line":1,"column":0},"end":{"line":1,"column":80}},"1":{"start":{"line":15,"column":4},"end":{"line":15,"column":33}},"2":{"start":{"line":16,"column":4},"end":{"line":16,"column":16}},"3":{"start":{"line":23,"column":4},"end":{"line":23,"column":33}},"4":{"start":{"line":24,"column":4},"end":{"line":24,"column":16}},"5":{"start":{"line":31,"column":4},"end":{"line":31,"column":32}},"6":{"start":{"line":32,"column":4},"end":{"line":32,"column":16}},"7":{"start":{"line":39,"column":4},"end":{"line":44,"column":5}},"8":{"start":{"line":40,"column":6},"end":{"line":43,"column":8}},"9":{"start":{"line":46,"column":38},"end":{"line":46,"column":40}},"10":{"start":{"line":48,"column":4},"end":{"line":57,"column":5}},"11":{"start":{"line":52,"column":6},"end":{"line":56,"column":8}},"12":{"start":{"line":59,"column":4},"end":{"line":68,"column":5}},"13":{"start":{"line":63,"column":6},"end":{"line":67,"column":8}},"14":{"start":{"line":70,"column":4},"end":{"line":74,"column":5}},"15":{"start":{"line":71,"column":6},"end":{"line":73,"column":8}},"16":{"start":{"line":76,"column":4},"end":{"line":80,"column":6}},"17":{"start":{"line":6,"column":0},"end":{"line":6,"column":13}}},"fnMap":{"0":{"name":"(anonymous_0)","decl":{"start":{"line":14,"column":2},"end":{"line":14,"column":11}},"loc":{"start":{"line":14,"column":26},"end":{"line":17,"column":3}}},"1":{"name":"(anonymous_1)","decl":{"start":{"line":22,"column":2},"end":{"line":22,"column":11}},"loc":{"start":{"line":22,"column":26},"end":{"line":25,"column":3}}},"2":{"name":"(anonymous_2)","decl":{"start":{"line":30,"column":2},"end":{"line":30,"column":9}},"loc":{"start":{"line":30,"column":25},"end":{"line":33,"column":3}}},"3":{"name":"(anonymous_3)","decl":{"start":{"line":38,"column":2},"end":{"line":38,"column":10}},"loc":{"start":{"line":38,"column":25},"end":{"line":81,"column":3}}}},"branchMap":{"0":{"loc":{"start":{"line":39,"column":4},"end":{"line":44,"column":5}},"type":"if","locations":[{"start":{"line":39,"column":4},"end":{"line":44,"column":5}}]},"1":{"loc":{"start":{"line":48,"column":4},"end":{"line":57,"column":5}},"type":"if","locations":[{"start":{"line":48,"column":4},"end":{"line":57,"column":5}}]},"2":{"loc":{"start":{"line":49,"column":6},"end":{"line":50,"column":40}},"type":"binary-expr","locations":[{"start":{"line":49,"column":6},"end":{"line":49,"column":39}},{"start":{"line":50,"column":6},"end":{"line":50,"column":40}}]},"3":{"loc":{"start":{"line":59,"column":4},"end":{"line":68,"column":5}},"type":"if","locations":[{"start":{"line":59,"column":4},"end":{"line":68,"column":5}}]},"4":{"loc":{"start":{"line":60,"column":6},"end":{"line":61,"column":40}},"type":"binary-expr","locations":[{"start":{"line":60,"column":6},"end":{"line":60,"column":39}},{"start":{"line":61,"column":6},"end":{"line":61,"column":40}}]},"5":{"loc":{"start":{"line":70,"column":4},"end":{"line":74,"column":5}},"type":"if","locations":[{"start":{"line":70,"column":4},"end":{"line":74,"column":5}}]},"6":{"loc":{"start":{"line":70,"column":8},"end":{"line":70,"column":59}},"type":"binary-expr","locations":[{"start":{"line":70,"column":8},"end":{"line":70,"column":25}},{"start":{"line":70,"column":29},"end":{"line":70,"column":59}}]},"7":{"loc":{"start":{"line":78,"column":13},"end":{"line":78,"column":52}},"type":"cond-expr","locations":[{"start":{"line":78,"column":35},"end":{"line":78,"column":40}},{"start":{"line":78,"column":43},"end":{"line":78,"column":52}}]},"8":{"loc":{"start":{"line":79,"column":14},"end":{"line":79,"column":52}},"type":"cond-expr","locations":[{"start":{"line":79,"column":34},"end":{"line":79,"column":40}},{"start":{"line":79,"column":43},"end":{"line":79,"column":52}}]}},"s":{"0":1,"1":2,"2":2,"3":1,"4":1,"5":2,"6":2,"7":22,"8":2,"9":20,"10":20,"11":2,"12":20,"13":1,"14":20,"15":3,"16":20,"17":1},"f":{"0":2,"1":1,"2":2,"3":22},"b":{"0":[2],"1":[2],"2":[20,7],"3":[1],"4":[20,4],"5":[3],"6":[20,7],"7":[15,5],"8":[5,15]}}
}
