TN:
SF:src\index.ts
FN:1,(anonymous_0)
FN:3,(anonymous_1)
FN:4,(anonymous_2)
FN:5,(anonymous_3)
FN:6,(anonymous_4)
FN:7,(anonymous_5)
FN:8,(anonymous_6)
FNF:7
FNH:0
FNDA:0,(anonymous_0)
FNDA:0,(anonymous_1)
FNDA:0,(anonymous_2)
FNDA:0,(anonymous_3)
FNDA:0,(anonymous_4)
FNDA:0,(anonymous_5)
FNDA:0,(anonymous_6)
DA:1,0
DA:3,0
DA:4,0
DA:5,0
DA:6,0
DA:7,0
DA:8,0
LF:7
LH:0
BRF:0
BRH:0
end_of_record
TN:
SF:src\schema.ts
FN:16,(anonymous_0)
FN:23,(anonymous_1)
FN:30,(anonymous_2)
FN:37,(anonymous_3)
FN:44,(anonymous_4)
FN:53,(anonymous_5)
FNF:6
FNH:6
FNDA:5,(anonymous_0)
FNDA:2,(anonymous_1)
FNDA:1,(anonymous_2)
FNDA:2,(anonymous_3)
FNDA:1,(anonymous_4)
FNDA:2,(anonymous_5)
DA:2,1
DA:3,1
DA:4,1
DA:5,1
DA:6,1
DA:7,1
DA:12,1
DA:17,5
DA:24,2
DA:31,1
DA:38,2
DA:47,1
DA:54,2
LF:13
LH:13
BRF:0
BRH:0
end_of_record
TN:
SF:src\validator.ts
FN:34,(anonymous_0)
FN:42,(anonymous_1)
FNF:2
FNH:1
FNDA:0,(anonymous_0)
FNDA:18,(anonymous_1)
DA:28,1
DA:35,0
DA:36,0
DA:43,18
LF:4
LH:2
BRDA:45,0,0,18
BRDA:45,0,1,18
BRF:2
BRH:2
end_of_record
TN:
SF:src\validators\array.validator.ts
FN:16,(anonymous_0)
FN:23,(anonymous_1)
FN:31,(anonymous_2)
FN:39,(anonymous_3)
FN:47,(anonymous_4)
FN:96,(anonymous_5)
FNF:6
FNH:6
FNDA:2,(anonymous_0)
FNDA:1,(anonymous_1)
FNDA:1,(anonymous_2)
FNDA:1,(anonymous_3)
FNDA:7,(anonymous_4)
FNDA:2,(anonymous_5)
DA:1,1
DA:11,1
DA:14,2
DA:16,2
DA:17,2
DA:24,1
DA:25,1
DA:32,1
DA:33,1
DA:40,1
DA:41,1
DA:48,7
DA:49,1
DA:50,1
DA:52,0
DA:58,6
DA:59,0
DA:65,6
DA:67,6
DA:71,1
DA:78,6
DA:82,1
DA:87,6
DA:88,6
DA:90,6
DA:91,12
DA:92,12
DA:93,2
DA:94,2
DA:95,2
DA:96,2
DA:102,10
DA:103,10
DA:107,6
LF:34
LH:32
BRDA:48,0,0,1
BRDA:48,1,0,7
BRDA:48,1,1,6
BRDA:49,2,0,1
BRDA:58,3,0,0
BRDA:67,4,0,1
BRDA:68,5,0,6
BRDA:68,5,1,4
BRDA:78,6,0,1
BRDA:79,7,0,6
BRDA:79,7,1,4
BRDA:92,8,0,2
BRDA:92,8,1,10
BRDA:94,9,0,2
BRDA:102,10,0,10
BRDA:109,11,0,4
BRDA:109,11,1,2
BRDA:110,12,0,4
BRDA:110,12,1,2
BRF:19
BRH:18
end_of_record
TN:
SF:src\validators\boolean.validator.ts
FN:10,(anonymous_0)
FNF:1
FNH:1
FNDA:2,(anonymous_0)
DA:1,1
DA:6,1
DA:11,2
DA:12,1
DA:18,1
LF:5
LH:5
BRDA:11,0,0,1
BRF:1
BRH:1
end_of_record
TN:
SF:src\validators\date.validator.ts
FN:6,(anonymous_0)
FN:14,(anonymous_1)
FN:22,(anonymous_2)
FN:30,(anonymous_3)
FN:38,(anonymous_4)
FNF:5
FNH:5
FNDA:2,(anonymous_0)
FNDA:1,(anonymous_1)
FNDA:1,(anonymous_2)
FNDA:1,(anonymous_3)
FNDA:6,(anonymous_4)
DA:1,1
DA:6,1
DA:9,2
DA:15,1
DA:16,1
DA:23,1
DA:24,1
DA:31,1
DA:32,1
DA:39,6
DA:40,1
DA:41,1
DA:43,0
DA:50,5
DA:51,3
DA:52,2
DA:53,2
DA:54,2
DA:55,1
DA:59,5
DA:60,1
DA:66,4
DA:67,4
DA:68,1
DA:74,4
DA:75,1
DA:82,4
LF:27
LH:26
BRDA:39,0,0,1
BRDA:39,1,0,6
BRDA:39,1,1,5
BRDA:40,2,0,1
BRDA:50,3,0,3
BRDA:50,3,1,2
BRDA:52,4,0,2
BRDA:52,5,0,2
BRDA:52,5,1,0
BRDA:54,6,0,1
BRDA:59,7,0,1
BRDA:67,8,0,1
BRDA:67,9,0,4
BRDA:67,9,1,4
BRDA:74,10,0,1
BRDA:74,11,0,4
BRDA:74,11,1,4
BRDA:84,12,0,2
BRDA:84,12,1,2
BRDA:85,13,0,2
BRDA:85,13,1,2
BRF:21
BRH:20
end_of_record
TN:
SF:src\validators\number.validator.ts
FN:14,(anonymous_0)
FN:22,(anonymous_1)
FN:30,(anonymous_2)
FN:38,(anonymous_3)
FNF:4
FNH:4
FNDA:2,(anonymous_0)
FNDA:2,(anonymous_1)
FNDA:1,(anonymous_2)
FNDA:7,(anonymous_3)
DA:1,1
DA:6,1
DA:15,2
DA:16,2
DA:23,2
DA:24,2
DA:31,1
DA:32,1
DA:39,7
DA:40,0
DA:46,7
DA:48,7
DA:49,2
DA:52,7
DA:53,1
DA:56,7
DA:57,1
DA:60,7
LF:18
LH:17
BRDA:39,0,0,0
BRDA:39,1,0,7
BRDA:39,1,1,7
BRDA:48,2,0,2
BRDA:48,3,0,7
BRDA:48,3,1,7
BRDA:52,4,0,1
BRDA:52,5,0,7
BRDA:52,5,1,7
BRDA:56,6,0,1
BRDA:56,7,0,7
BRDA:56,7,1,4
BRDA:62,8,0,3
BRDA:62,8,1,4
BRDA:63,9,0,4
BRDA:63,9,1,3
BRF:16
BRH:15
end_of_record
TN:
SF:src\validators\object.validator.ts
FN:16,(anonymous_0)
FN:23,(anonymous_1)
FN:31,(anonymous_2)
FN:59,(anonymous_3)
FNF:4
FNH:3
FNDA:1,(anonymous_0)
FNDA:0,(anonymous_1)
FNDA:3,(anonymous_2)
FNDA:4,(anonymous_3)
DA:1,1
DA:11,1
DA:14,1
DA:16,1
DA:17,1
DA:24,0
DA:25,0
DA:32,3
DA:33,0
DA:34,0
DA:36,0
DA:42,3
DA:43,0
DA:49,3
DA:50,3
DA:52,3
DA:53,12
DA:54,12
DA:56,12
DA:57,4
DA:58,4
DA:59,4
DA:65,8
DA:66,7
DA:70,3
LF:25
LH:19
BRDA:32,0,0,0
BRDA:32,1,0,3
BRDA:32,1,1,3
BRDA:33,2,0,0
BRDA:42,3,0,0
BRDA:42,4,0,3
BRDA:42,4,1,3
BRDA:56,5,0,4
BRDA:56,5,1,8
BRDA:57,6,0,4
BRDA:61,7,0,1
BRDA:61,7,1,3
BRDA:65,8,0,7
BRDA:72,9,0,2
BRDA:72,9,1,1
BRDA:73,10,0,1
BRDA:73,10,1,2
BRF:17
BRH:14
end_of_record
TN:
SF:src\validators\string.validator.ts
FN:14,(anonymous_0)
FN:22,(anonymous_1)
FN:30,(anonymous_2)
FN:38,(anonymous_3)
FNF:4
FNH:4
FNDA:2,(anonymous_0)
FNDA:1,(anonymous_1)
FNDA:2,(anonymous_2)
FNDA:22,(anonymous_3)
DA:1,1
DA:6,1
DA:15,2
DA:16,2
DA:23,1
DA:24,1
DA:31,2
DA:32,2
DA:39,22
DA:40,2
DA:46,20
DA:48,20
DA:52,2
DA:59,20
DA:63,1
DA:70,20
DA:71,3
DA:76,20
LF:18
LH:18
BRDA:39,0,0,2
BRDA:48,1,0,2
BRDA:49,2,0,20
BRDA:49,2,1,7
BRDA:59,3,0,1
BRDA:60,4,0,20
BRDA:60,4,1,4
BRDA:70,5,0,3
BRDA:70,6,0,20
BRDA:70,6,1,7
BRDA:78,7,0,15
BRDA:78,7,1,5
BRDA:79,8,0,5
BRDA:79,8,1,15
BRF:14
BRH:14
end_of_record
