<?xml version="1.0" encoding="UTF-8"?>
<coverage generated="1749632987469" clover="3.2.0">
  <project timestamp="1749632987469" name="All files">
    <metrics statements="100" coveredstatements="95" conditionals="67" coveredconditionals="52" methods="23" coveredmethods="23" elements="190" coveredelements="170" complexity="0" loc="100" ncloc="100" packages="2" files="4" classes="4"/>
    <package name="models">
      <metrics statements="71" coveredstatements="67" conditionals="49" coveredconditionals="36" methods="19" coveredmethods="19"/>
      <file name="Board.js" path="C:\Users\khasan.rashidov\Desktop\edu-ai-challenge-2025\7\src\models\Board.js">
        <metrics statements="30" coveredstatements="29" conditionals="18" coveredconditionals="14" methods="8" coveredmethods="8"/>
        <line num="5" count="14" type="stmt"/>
        <line num="6" count="140" type="stmt"/>
        <line num="7" count="14" type="stmt"/>
        <line num="11" count="9" type="cond" truecount="4" falsecount="0"/>
        <line num="15" count="8" type="stmt"/>
        <line num="16" count="8" type="cond" truecount="1" falsecount="1"/>
        <line num="17" count="8" type="stmt"/>
        <line num="18" count="20" type="stmt"/>
        <line num="19" count="20" type="stmt"/>
        <line num="25" count="6" type="cond" truecount="2" falsecount="0"/>
        <line num="26" count="1" type="stmt"/>
        <line num="29" count="5" type="stmt"/>
        <line num="30" count="5" type="cond" truecount="1" falsecount="1"/>
        <line num="31" count="0" type="stmt"/>
        <line num="34" count="5" type="stmt"/>
        <line num="35" count="5" type="cond" truecount="2" falsecount="0"/>
        <line num="36" count="1" type="stmt"/>
        <line num="38" count="4" type="cond" truecount="2" falsecount="0"/>
        <line num="39" count="3" type="stmt"/>
        <line num="40" count="3" type="stmt"/>
        <line num="49" count="1" type="stmt"/>
        <line num="50" count="1" type="stmt"/>
        <line num="54" count="14" type="stmt"/>
        <line num="58" count="1" type="stmt"/>
        <line num="59" count="10" type="stmt"/>
        <line num="60" count="1" type="stmt"/>
        <line num="62" count="1" type="stmt"/>
        <line num="63" count="10" type="stmt"/>
        <line num="64" count="10" type="stmt"/>
        <line num="67" count="1" type="stmt"/>
      </file>
      <file name="Player.js" path="C:\Users\khasan.rashidov\Desktop\edu-ai-challenge-2025\7\src\models\Player.js">
        <metrics statements="31" coveredstatements="28" conditionals="25" coveredconditionals="18" methods="6" coveredmethods="6"/>
        <line num="3" count="18" type="stmt"/>
        <line num="4" count="18" type="stmt"/>
        <line num="5" count="18" type="stmt"/>
        <line num="6" count="18" type="stmt"/>
        <line num="10" count="1" type="stmt"/>
        <line num="14" count="32" type="stmt"/>
        <line num="18" count="12" type="cond" truecount="4" falsecount="0"/>
        <line num="19" count="1" type="stmt"/>
        <line num="20" count="1" type="cond" truecount="1" falsecount="1"/>
        <line num="21" count="1" type="stmt"/>
        <line num="23" count="0" type="cond" truecount="0" falsecount="2"/>
        <line num="24" count="0" type="stmt"/>
        <line num="26" count="0" type="stmt"/>
        <line num="29" count="11" type="stmt"/>
        <line num="31" count="11" type="stmt"/>
        <line num="32" count="11" type="stmt"/>
        <line num="33" count="11" type="stmt"/>
        <line num="34" count="11" type="stmt"/>
        <line num="37" count="11" type="stmt"/>
        <line num="41" count="5" type="cond" truecount="3" falsecount="1"/>
        <line num="42" count="5" type="stmt"/>
        <line num="43" count="5" type="stmt"/>
        <line num="45" count="5" type="stmt"/>
        <line num="52" count="5" type="stmt"/>
        <line num="53" count="20" type="cond" truecount="6" falsecount="0"/>
        <line num="55" count="18" type="stmt"/>
        <line num="56" count="18" type="cond" truecount="3" falsecount="1"/>
        <line num="57" count="18" type="stmt"/>
        <line num="65" count="1" type="cond" truecount="1" falsecount="1"/>
        <line num="66" count="1" type="stmt"/>
        <line num="67" count="1" type="stmt"/>
      </file>
      <file name="Ship.js" path="C:\Users\khasan.rashidov\Desktop\edu-ai-challenge-2025\7\src\models\Ship.js">
        <metrics statements="10" coveredstatements="10" conditionals="6" coveredconditionals="4" methods="5" coveredmethods="5"/>
        <line num="3" count="14" type="stmt"/>
        <line num="4" count="14" type="stmt"/>
        <line num="8" count="12" type="stmt"/>
        <line num="12" count="10" type="stmt"/>
        <line num="13" count="10" type="cond" truecount="2" falsecount="0"/>
        <line num="14" count="8" type="stmt"/>
        <line num="15" count="8" type="stmt"/>
        <line num="17" count="2" type="stmt"/>
        <line num="21" count="7" type="stmt"/>
        <line num="22" count="7" type="cond" truecount="2" falsecount="0"/>
      </file>
    </package>
    <package name="services">
      <metrics statements="29" coveredstatements="28" conditionals="18" coveredconditionals="16" methods="4" coveredmethods="4"/>
      <file name="ShipPlacer.js" path="C:\Users\khasan.rashidov\Desktop\edu-ai-challenge-2025\7\src\services\ShipPlacer.js">
        <metrics statements="29" coveredstatements="28" conditionals="18" coveredconditionals="16" methods="4" coveredmethods="4"/>
        <line num="5" count="1" type="stmt"/>
        <line num="6" count="1" type="stmt"/>
        <line num="7" count="1" type="stmt"/>
        <line num="9" count="1" type="cond" truecount="2" falsecount="0"/>
        <line num="10" count="3" type="stmt"/>
        <line num="11" count="3" type="cond" truecount="2" falsecount="0"/>
        <line num="12" count="3" type="stmt"/>
        <line num="14" count="3" type="cond" truecount="3" falsecount="1"/>
        <line num="15" count="3" type="stmt"/>
        <line num="16" count="3" type="stmt"/>
        <line num="17" count="3" type="stmt"/>
        <line num="18" count="3" type="stmt"/>
        <line num="22" count="1" type="stmt"/>
        <line num="26" count="7" type="stmt"/>
        <line num="29" count="7" type="cond" truecount="2" falsecount="0"/>
        <line num="30" count="3" type="stmt"/>
        <line num="31" count="3" type="stmt"/>
        <line num="33" count="4" type="stmt"/>
        <line num="34" count="4" type="stmt"/>
        <line num="37" count="7" type="stmt"/>
        <line num="38" count="21" type="cond" truecount="2" falsecount="0"/>
        <line num="39" count="21" type="cond" truecount="2" falsecount="0"/>
        <line num="41" count="21" type="cond" truecount="3" falsecount="1"/>
        <line num="42" count="0" type="stmt"/>
        <line num="45" count="21" type="stmt"/>
        <line num="48" count="7" type="stmt"/>
        <line num="52" count="6" type="stmt"/>
        <line num="53" count="14" type="stmt"/>
        <line num="54" count="14" type="stmt"/>
      </file>
    </package>
  </project>
</coverage>
