{"C:\\Users\\khasan.rashidov\\Desktop\\edu-ai-challenge-2025\\7\\src\\models\\Board.js": {"path":"C:\\Users\\khasan.rashidov\\Desktop\\edu-ai-challenge-2025\\7\\src\\models\\Board.js","statementMap":{"0":{"start":{"line":5,"column":8},"end":{"line":5,"column":25}},"1":{"start":{"line":6,"column":8},"end":{"line":6,"column":72}},"2":{"start":{"line":6,"column":49},"end":{"line":6,"column":70}},"3":{"start":{"line":7,"column":8},"end":{"line":7,"column":24}},"4":{"start":{"line":11,"column":8},"end":{"line":11,"column":74}},"5":{"start":{"line":15,"column":8},"end":{"line":15,"column":30}},"6":{"start":{"line":16,"column":8},"end":{"line":21,"column":9}},"7":{"start":{"line":17,"column":12},"end":{"line":20,"column":15}},"8":{"start":{"line":18,"column":35},"end":{"line":18,"column":60}},"9":{"start":{"line":19,"column":16},"end":{"line":19,"column":42}},"10":{"start":{"line":25,"column":8},"end":{"line":27,"column":9}},"11":{"start":{"line":26,"column":12},"end":{"line":26,"column":72}},"12":{"start":{"line":29,"column":27},"end":{"line":29,"column":57}},"13":{"start":{"line":30,"column":8},"end":{"line":32,"column":9}},"14":{"start":{"line":31,"column":12},"end":{"line":31,"column":65}},"15":{"start":{"line":34,"column":8},"end":{"line":47,"column":9}},"16":{"start":{"line":35,"column":12},"end":{"line":37,"column":13}},"17":{"start":{"line":36,"column":16},"end":{"line":36,"column":78}},"18":{"start":{"line":38,"column":12},"end":{"line":46,"column":13}},"19":{"start":{"line":39,"column":16},"end":{"line":39,"column":42}},"20":{"start":{"line":40,"column":16},"end":{"line":45,"column":18}},"21":{"start":{"line":49,"column":8},"end":{"line":49,"column":34}},"22":{"start":{"line":50,"column":8},"end":{"line":50,"column":61}},"23":{"start":{"line":54,"column":8},"end":{"line":54,"column":35}},"24":{"start":{"line":58,"column":21},"end":{"line":58,"column":25}},"25":{"start":{"line":59,"column":8},"end":{"line":59,"column":62}},"26":{"start":{"line":59,"column":21},"end":{"line":59,"column":22}},"27":{"start":{"line":59,"column":44},"end":{"line":59,"column":62}},"28":{"start":{"line":60,"column":21},"end":{"line":60,"column":29}},"29":{"start":{"line":62,"column":8},"end":{"line":70,"column":9}},"30":{"start":{"line":62,"column":21},"end":{"line":62,"column":22}},"31":{"start":{"line":63,"column":22},"end":{"line":63,"column":29}},"32":{"start":{"line":64,"column":12},"end":{"line":68,"column":13}},"33":{"start":{"line":64,"column":25},"end":{"line":64,"column":26}},"34":{"start":{"line":66,"column":29},"end":{"line":66,"column":44}},"35":{"start":{"line":67,"column":16},"end":{"line":67,"column":70}},"36":{"start":{"line":69,"column":12},"end":{"line":69,"column":39}},"37":{"start":{"line":72,"column":8},"end":{"line":72,"column":33}}},"fnMap":{"0":{"name":"(anonymous_0)","decl":{"start":{"line":4,"column":4},"end":{"line":4,"column":5}},"loc":{"start":{"line":4,"column":27},"end":{"line":8,"column":5}},"line":4},"1":{"name":"(anonymous_1)","decl":{"start":{"line":6,"column":43},"end":{"line":6,"column":44}},"loc":{"start":{"line":6,"column":49},"end":{"line":6,"column":70}},"line":6},"2":{"name":"(anonymous_2)","decl":{"start":{"line":10,"column":4},"end":{"line":10,"column":5}},"loc":{"start":{"line":10,"column":30},"end":{"line":12,"column":5}},"line":10},"3":{"name":"(anonymous_3)","decl":{"start":{"line":14,"column":4},"end":{"line":14,"column":5}},"loc":{"start":{"line":14,"column":43},"end":{"line":22,"column":5}},"line":14},"4":{"name":"(anonymous_4)","decl":{"start":{"line":17,"column":35},"end":{"line":17,"column":36}},"loc":{"start":{"line":17,"column":42},"end":{"line":20,"column":13}},"line":17},"5":{"name":"(anonymous_5)","decl":{"start":{"line":24,"column":4},"end":{"line":24,"column":5}},"loc":{"start":{"line":24,"column":28},"end":{"line":51,"column":5}},"line":24},"6":{"name":"(anonymous_6)","decl":{"start":{"line":53,"column":4},"end":{"line":53,"column":5}},"loc":{"start":{"line":53,"column":22},"end":{"line":55,"column":5}},"line":53},"7":{"name":"(anonymous_7)","decl":{"start":{"line":57,"column":4},"end":{"line":57,"column":5}},"loc":{"start":{"line":57,"column":32},"end":{"line":73,"column":5}},"line":57}},"branchMap":{"0":{"loc":{"start":{"line":4,"column":16},"end":{"line":4,"column":25}},"type":"default-arg","locations":[{"start":{"line":4,"column":23},"end":{"line":4,"column":25}}],"line":4},"1":{"loc":{"start":{"line":11,"column":15},"end":{"line":11,"column":73}},"type":"binary-expr","locations":[{"start":{"line":11,"column":15},"end":{"line":11,"column":23}},{"start":{"line":11,"column":27},"end":{"line":11,"column":42}},{"start":{"line":11,"column":46},"end":{"line":11,"column":54}},{"start":{"line":11,"column":58},"end":{"line":11,"column":73}}],"line":11},"2":{"loc":{"start":{"line":14,"column":20},"end":{"line":14,"column":41}},"type":"default-arg","locations":[{"start":{"line":14,"column":36},"end":{"line":14,"column":41}}],"line":14},"3":{"loc":{"start":{"line":16,"column":8},"end":{"line":21,"column":9}},"type":"if","locations":[{"start":{"line":16,"column":8},"end":{"line":21,"column":9}},{"start":{},"end":{}}],"line":16},"4":{"loc":{"start":{"line":25,"column":8},"end":{"line":27,"column":9}},"type":"if","locations":[{"start":{"line":25,"column":8},"end":{"line":27,"column":9}},{"start":{},"end":{}}],"line":25},"5":{"loc":{"start":{"line":30,"column":8},"end":{"line":32,"column":9}},"type":"if","locations":[{"start":{"line":30,"column":8},"end":{"line":32,"column":9}},{"start":{},"end":{}}],"line":30},"6":{"loc":{"start":{"line":35,"column":12},"end":{"line":37,"column":13}},"type":"if","locations":[{"start":{"line":35,"column":12},"end":{"line":37,"column":13}},{"start":{},"end":{}}],"line":35},"7":{"loc":{"start":{"line":38,"column":12},"end":{"line":46,"column":13}},"type":"if","locations":[{"start":{"line":38,"column":12},"end":{"line":46,"column":13}},{"start":{},"end":{}}],"line":38},"8":{"loc":{"start":{"line":44,"column":29},"end":{"line":44,"column":66}},"type":"cond-expr","locations":[{"start":{"line":44,"column":45},"end":{"line":44,"column":57}},{"start":{"line":44,"column":60},"end":{"line":44,"column":66}}],"line":44},"9":{"loc":{"start":{"line":57,"column":13},"end":{"line":57,"column":30}},"type":"default-arg","locations":[{"start":{"line":57,"column":25},"end":{"line":57,"column":30}}],"line":57},"10":{"loc":{"start":{"line":67,"column":24},"end":{"line":67,"column":62}},"type":"cond-expr","locations":[{"start":{"line":67,"column":52},"end":{"line":67,"column":55}},{"start":{"line":67,"column":58},"end":{"line":67,"column":62}}],"line":67},"11":{"loc":{"start":{"line":67,"column":24},"end":{"line":67,"column":49}},"type":"binary-expr","locations":[{"start":{"line":67,"column":24},"end":{"line":67,"column":33}},{"start":{"line":67,"column":37},"end":{"line":67,"column":49}}],"line":67}},"s":{"0":14,"1":14,"2":140,"3":14,"4":9,"5":9,"6":9,"7":9,"8":23,"9":23,"10":6,"11":1,"12":5,"13":5,"14":0,"15":5,"16":5,"17":1,"18":4,"19":3,"20":3,"21":1,"22":1,"23":14,"24":3,"25":3,"26":3,"27":30,"28":3,"29":3,"30":3,"31":30,"32":30,"33":30,"34":300,"35":300,"36":30,"37":3},"f":{"0":14,"1":140,"2":9,"3":9,"4":23,"5":6,"6":14,"7":3},"b":{"0":[0],"1":[9,8,7,7],"2":[0],"3":[9,0],"4":[1,5],"5":[0,5],"6":[1,4],"7":[3,1],"8":[2,1],"9":[1],"10":[3,297],"11":[300,100]},"_coverageSchema":"1a1c01bbd47fc00a2c39e90264f33305004495a9","hash":"9697d4351afda546a1e16b9ff8ccc9b5e4a12a3b"}
,"C:\\Users\\khasan.rashidov\\Desktop\\edu-ai-challenge-2025\\7\\src\\models\\Player.js": {"path":"C:\\Users\\khasan.rashidov\\Desktop\\edu-ai-challenge-2025\\7\\src\\models\\Player.js","statementMap":{"0":{"start":{"line":3,"column":8},"end":{"line":3,"column":37}},"1":{"start":{"line":4,"column":8},"end":{"line":4,"column":33}},"2":{"start":{"line":5,"column":8},"end":{"line":5,"column":27}},"3":{"start":{"line":6,"column":8},"end":{"line":6,"column":30}},"4":{"start":{"line":10,"column":8},"end":{"line":10,"column":35}},"5":{"start":{"line":14,"column":8},"end":{"line":14,"column":42}},"6":{"start":{"line":18,"column":8},"end":{"line":29,"column":9}},"7":{"start":{"line":19,"column":26},"end":{"line":19,"column":45}},"8":{"start":{"line":20,"column":12},"end":{"line":23,"column":13}},"9":{"start":{"line":21,"column":16},"end":{"line":21,"column":41}},"10":{"start":{"line":22,"column":16},"end":{"line":22,"column":29}},"11":{"start":{"line":24,"column":12},"end":{"line":24,"column":37}},"12":{"start":{"line":25,"column":12},"end":{"line":27,"column":13}},"13":{"start":{"line":26,"column":16},"end":{"line":26,"column":35}},"14":{"start":{"line":28,"column":12},"end":{"line":28,"column":57}},"15":{"start":{"line":31,"column":8},"end":{"line":31,"column":27}},"16":{"start":{"line":33,"column":8},"end":{"line":37,"column":41}},"17":{"start":{"line":34,"column":12},"end":{"line":34,"column":56}},"18":{"start":{"line":35,"column":12},"end":{"line":35,"column":56}},"19":{"start":{"line":36,"column":12},"end":{"line":36,"column":35}},"20":{"start":{"line":39,"column":8},"end":{"line":39,"column":21}},"21":{"start":{"line":43,"column":8},"end":{"line":63,"column":9}},"22":{"start":{"line":44,"column":12},"end":{"line":44,"column":33}},"23":{"start":{"line":45,"column":31},"end":{"line":45,"column":61}},"24":{"start":{"line":47,"column":29},"end":{"line":52,"column":13}},"25":{"start":{"line":54,"column":12},"end":{"line":62,"column":13}},"26":{"start":{"line":55,"column":16},"end":{"line":61,"column":17}},"27":{"start":{"line":57,"column":37},"end":{"line":57,"column":59}},"28":{"start":{"line":58,"column":20},"end":{"line":60,"column":21}},"29":{"start":{"line":59,"column":24},"end":{"line":59,"column":56}},"30":{"start":{"line":67,"column":8},"end":{"line":70,"column":9}},"31":{"start":{"line":68,"column":12},"end":{"line":68,"column":31}},"32":{"start":{"line":69,"column":12},"end":{"line":69,"column":34}}},"fnMap":{"0":{"name":"(anonymous_0)","decl":{"start":{"line":2,"column":4},"end":{"line":2,"column":5}},"loc":{"start":{"line":2,"column":36},"end":{"line":7,"column":5}},"line":2},"1":{"name":"(anonymous_1)","decl":{"start":{"line":9,"column":4},"end":{"line":9,"column":5}},"loc":{"start":{"line":9,"column":23},"end":{"line":11,"column":5}},"line":9},"2":{"name":"(anonymous_2)","decl":{"start":{"line":13,"column":4},"end":{"line":13,"column":5}},"loc":{"start":{"line":13,"column":25},"end":{"line":15,"column":5}},"line":13},"3":{"name":"(anonymous_3)","decl":{"start":{"line":17,"column":4},"end":{"line":17,"column":5}},"loc":{"start":{"line":17,"column":37},"end":{"line":40,"column":5}},"line":17},"4":{"name":"(anonymous_4)","decl":{"start":{"line":42,"column":4},"end":{"line":42,"column":5}},"loc":{"start":{"line":42,"column":35},"end":{"line":64,"column":5}},"line":42},"5":{"name":"(anonymous_5)","decl":{"start":{"line":66,"column":4},"end":{"line":66,"column":5}},"loc":{"start":{"line":66,"column":17},"end":{"line":71,"column":5}},"line":66}},"branchMap":{"0":{"loc":{"start":{"line":2,"column":16},"end":{"line":2,"column":34}},"type":"default-arg","locations":[{"start":{"line":2,"column":29},"end":{"line":2,"column":34}}],"line":2},"1":{"loc":{"start":{"line":18,"column":8},"end":{"line":29,"column":9}},"type":"if","locations":[{"start":{"line":18,"column":8},"end":{"line":29,"column":9}},{"start":{},"end":{}}],"line":18},"2":{"loc":{"start":{"line":18,"column":12},"end":{"line":18,"column":65}},"type":"binary-expr","locations":[{"start":{"line":18,"column":12},"end":{"line":18,"column":34}},{"start":{"line":18,"column":38},"end":{"line":18,"column":65}}],"line":18},"3":{"loc":{"start":{"line":20,"column":12},"end":{"line":23,"column":13}},"type":"if","locations":[{"start":{"line":20,"column":12},"end":{"line":23,"column":13}},{"start":{},"end":{}}],"line":20},"4":{"loc":{"start":{"line":25,"column":12},"end":{"line":27,"column":13}},"type":"if","locations":[{"start":{"line":25,"column":12},"end":{"line":27,"column":13}},{"start":{},"end":{}}],"line":25},"5":{"loc":{"start":{"line":43,"column":8},"end":{"line":63,"column":9}},"type":"if","locations":[{"start":{"line":43,"column":8},"end":{"line":63,"column":9}},{"start":{},"end":{}}],"line":43},"6":{"loc":{"start":{"line":43,"column":12},"end":{"line":43,"column":53}},"type":"binary-expr","locations":[{"start":{"line":43,"column":12},"end":{"line":43,"column":27}},{"start":{"line":43,"column":31},"end":{"line":43,"column":53}}],"line":43},"7":{"loc":{"start":{"line":55,"column":16},"end":{"line":61,"column":17}},"type":"if","locations":[{"start":{"line":55,"column":16},"end":{"line":61,"column":17}},{"start":{},"end":{}}],"line":55},"8":{"loc":{"start":{"line":55,"column":20},"end":{"line":56,"column":55}},"type":"binary-expr","locations":[{"start":{"line":55,"column":20},"end":{"line":55,"column":32}},{"start":{"line":55,"column":36},"end":{"line":55,"column":55}},{"start":{"line":56,"column":20},"end":{"line":56,"column":32}},{"start":{"line":56,"column":36},"end":{"line":56,"column":55}}],"line":55},"9":{"loc":{"start":{"line":58,"column":20},"end":{"line":60,"column":21}},"type":"if","locations":[{"start":{"line":58,"column":20},"end":{"line":60,"column":21}},{"start":{},"end":{}}],"line":58},"10":{"loc":{"start":{"line":58,"column":24},"end":{"line":58,"column":90}},"type":"binary-expr","locations":[{"start":{"line":58,"column":24},"end":{"line":58,"column":50}},{"start":{"line":58,"column":54},"end":{"line":58,"column":90}}],"line":58},"11":{"loc":{"start":{"line":67,"column":8},"end":{"line":70,"column":9}},"type":"if","locations":[{"start":{"line":67,"column":8},"end":{"line":70,"column":9}},{"start":{},"end":{}}],"line":67}},"s":{"0":18,"1":18,"2":18,"3":18,"4":1,"5":32,"6":12,"7":1,"8":1,"9":1,"10":1,"11":0,"12":0,"13":0,"14":0,"15":11,"16":11,"17":11,"18":11,"19":11,"20":11,"21":5,"22":5,"23":5,"24":5,"25":5,"26":20,"27":18,"28":18,"29":18,"30":1,"31":1,"32":1},"f":{"0":18,"1":1,"2":32,"3":12,"4":5,"5":1},"b":{"0":[0],"1":[1,11],"2":[12,1],"3":[1,0],"4":[0,0],"5":[5,0],"6":[5,5],"7":[18,2],"8":[20,19,19,18],"9":[18,0],"10":[18,18],"11":[1,0]},"_coverageSchema":"1a1c01bbd47fc00a2c39e90264f33305004495a9","hash":"ab7f29468bca84be313b1e80daea31cb9f4c7374"}
,"C:\\Users\\khasan.rashidov\\Desktop\\edu-ai-challenge-2025\\7\\src\\models\\Ship.js": {"path":"C:\\Users\\khasan.rashidov\\Desktop\\edu-ai-challenge-2025\\7\\src\\models\\Ship.js","statementMap":{"0":{"start":{"line":3,"column":8},"end":{"line":3,"column":35}},"1":{"start":{"line":4,"column":8},"end":{"line":4,"column":47}},"2":{"start":{"line":8,"column":8},"end":{"line":8,"column":53}},"3":{"start":{"line":8,"column":38},"end":{"line":8,"column":51}},"4":{"start":{"line":12,"column":22},"end":{"line":12,"column":54}},"5":{"start":{"line":13,"column":8},"end":{"line":16,"column":9}},"6":{"start":{"line":14,"column":12},"end":{"line":14,"column":37}},"7":{"start":{"line":15,"column":12},"end":{"line":15,"column":24}},"8":{"start":{"line":17,"column":8},"end":{"line":17,"column":21}},"9":{"start":{"line":21,"column":22},"end":{"line":21,"column":54}},"10":{"start":{"line":22,"column":8},"end":{"line":22,"column":56}}},"fnMap":{"0":{"name":"(anonymous_0)","decl":{"start":{"line":2,"column":4},"end":{"line":2,"column":5}},"loc":{"start":{"line":2,"column":44},"end":{"line":5,"column":5}},"line":2},"1":{"name":"(anonymous_1)","decl":{"start":{"line":7,"column":4},"end":{"line":7,"column":5}},"loc":{"start":{"line":7,"column":13},"end":{"line":9,"column":5}},"line":7},"2":{"name":"(anonymous_2)","decl":{"start":{"line":8,"column":31},"end":{"line":8,"column":32}},"loc":{"start":{"line":8,"column":38},"end":{"line":8,"column":51}},"line":8},"3":{"name":"(anonymous_3)","decl":{"start":{"line":11,"column":4},"end":{"line":11,"column":5}},"loc":{"start":{"line":11,"column":18},"end":{"line":18,"column":5}},"line":11},"4":{"name":"(anonymous_4)","decl":{"start":{"line":20,"column":4},"end":{"line":20,"column":5}},"loc":{"start":{"line":20,"column":22},"end":{"line":23,"column":5}},"line":20}},"branchMap":{"0":{"loc":{"start":{"line":2,"column":16},"end":{"line":2,"column":30}},"type":"default-arg","locations":[{"start":{"line":2,"column":28},"end":{"line":2,"column":30}}],"line":2},"1":{"loc":{"start":{"line":2,"column":32},"end":{"line":2,"column":42}},"type":"default-arg","locations":[{"start":{"line":2,"column":41},"end":{"line":2,"column":42}}],"line":2},"2":{"loc":{"start":{"line":13,"column":8},"end":{"line":16,"column":9}},"type":"if","locations":[{"start":{"line":13,"column":8},"end":{"line":16,"column":9}},{"start":{},"end":{}}],"line":13},"3":{"loc":{"start":{"line":22,"column":15},"end":{"line":22,"column":55}},"type":"binary-expr","locations":[{"start":{"line":22,"column":15},"end":{"line":22,"column":25}},{"start":{"line":22,"column":29},"end":{"line":22,"column":55}}],"line":22}},"s":{"0":15,"1":15,"2":8,"3":12,"4":10,"5":10,"6":8,"7":8,"8":2,"9":7,"10":7},"f":{"0":15,"1":8,"2":12,"3":10,"4":7},"b":{"0":[0],"1":[0],"2":[8,2],"3":[7,6]},"_coverageSchema":"1a1c01bbd47fc00a2c39e90264f33305004495a9","hash":"57d87fb8d54090a9103abd7c9f3ffacbe4eae42b"}
,"C:\\Users\\khasan.rashidov\\Desktop\\edu-ai-challenge-2025\\7\\src\\services\\ShipPlacer.js": {"path":"C:\\Users\\khasan.rashidov\\Desktop\\edu-ai-challenge-2025\\7\\src\\services\\ShipPlacer.js","statementMap":{"0":{"start":{"line":5,"column":26},"end":{"line":5,"column":27}},"1":{"start":{"line":6,"column":25},"end":{"line":6,"column":28}},"2":{"start":{"line":7,"column":29},"end":{"line":7,"column":30}},"3":{"start":{"line":9,"column":8},"end":{"line":20,"column":9}},"4":{"start":{"line":10,"column":12},"end":{"line":10,"column":29}},"5":{"start":{"line":11,"column":32},"end":{"line":11,"column":79}},"6":{"start":{"line":12,"column":34},"end":{"line":12,"column":97}},"7":{"start":{"line":14,"column":12},"end":{"line":19,"column":13}},"8":{"start":{"line":15,"column":29},"end":{"line":15,"column":64}},"9":{"start":{"line":16,"column":16},"end":{"line":16,"column":55}},"10":{"start":{"line":17,"column":16},"end":{"line":17,"column":30}},"11":{"start":{"line":18,"column":16},"end":{"line":18,"column":35}},"12":{"start":{"line":22,"column":8},"end":{"line":22,"column":40}},"13":{"start":{"line":26,"column":26},"end":{"line":26,"column":28}},"14":{"start":{"line":29,"column":8},"end":{"line":35,"column":9}},"15":{"start":{"line":30,"column":12},"end":{"line":30,"column":61}},"16":{"start":{"line":31,"column":12},"end":{"line":31,"column":80}},"17":{"start":{"line":33,"column":12},"end":{"line":33,"column":80}},"18":{"start":{"line":34,"column":12},"end":{"line":34,"column":61}},"19":{"start":{"line":37,"column":8},"end":{"line":46,"column":9}},"20":{"start":{"line":37,"column":21},"end":{"line":37,"column":22}},"21":{"start":{"line":38,"column":24},"end":{"line":38,"column":78}},"22":{"start":{"line":39,"column":24},"end":{"line":39,"column":78}},"23":{"start":{"line":41,"column":12},"end":{"line":43,"column":13}},"24":{"start":{"line":42,"column":16},"end":{"line":42,"column":28}},"25":{"start":{"line":45,"column":12},"end":{"line":45,"column":43}},"26":{"start":{"line":48,"column":8},"end":{"line":48,"column":25}},"27":{"start":{"line":52,"column":8},"end":{"line":55,"column":11}},"28":{"start":{"line":53,"column":31},"end":{"line":53,"column":56}},"29":{"start":{"line":54,"column":12},"end":{"line":54,"column":51}}},"fnMap":{"0":{"name":"(anonymous_0)","decl":{"start":{"line":4,"column":4},"end":{"line":4,"column":5}},"loc":{"start":{"line":4,"column":59},"end":{"line":23,"column":5}},"line":4},"1":{"name":"(anonymous_1)","decl":{"start":{"line":25,"column":4},"end":{"line":25,"column":5}},"loc":{"start":{"line":25,"column":69},"end":{"line":49,"column":5}},"line":25},"2":{"name":"(anonymous_2)","decl":{"start":{"line":51,"column":4},"end":{"line":51,"column":5}},"loc":{"start":{"line":51,"column":46},"end":{"line":56,"column":5}},"line":51},"3":{"name":"(anonymous_3)","decl":{"start":{"line":52,"column":31},"end":{"line":52,"column":32}},"loc":{"start":{"line":52,"column":38},"end":{"line":55,"column":9}},"line":52}},"branchMap":{"0":{"loc":{"start":{"line":9,"column":15},"end":{"line":9,"column":66}},"type":"binary-expr","locations":[{"start":{"line":9,"column":15},"end":{"line":9,"column":37}},{"start":{"line":9,"column":41},"end":{"line":9,"column":66}}],"line":9},"1":{"loc":{"start":{"line":11,"column":32},"end":{"line":11,"column":79}},"type":"cond-expr","locations":[{"start":{"line":11,"column":54},"end":{"line":11,"column":66}},{"start":{"line":11,"column":69},"end":{"line":11,"column":79}}],"line":11},"2":{"loc":{"start":{"line":14,"column":12},"end":{"line":19,"column":13}},"type":"if","locations":[{"start":{"line":14,"column":12},"end":{"line":19,"column":13}},{"start":{},"end":{}}],"line":14},"3":{"loc":{"start":{"line":14,"column":16},"end":{"line":14,"column":76}},"type":"binary-expr","locations":[{"start":{"line":14,"column":16},"end":{"line":14,"column":29}},{"start":{"line":14,"column":33},"end":{"line":14,"column":76}}],"line":14},"4":{"loc":{"start":{"line":29,"column":8},"end":{"line":35,"column":9}},"type":"if","locations":[{"start":{"line":29,"column":8},"end":{"line":35,"column":9}},{"start":{"line":32,"column":15},"end":{"line":35,"column":9}}],"line":29},"5":{"loc":{"start":{"line":38,"column":24},"end":{"line":38,"column":78}},"type":"cond-expr","locations":[{"start":{"line":38,"column":55},"end":{"line":38,"column":63}},{"start":{"line":38,"column":66},"end":{"line":38,"column":78}}],"line":38},"6":{"loc":{"start":{"line":39,"column":24},"end":{"line":39,"column":78}},"type":"cond-expr","locations":[{"start":{"line":39,"column":55},"end":{"line":39,"column":67}},{"start":{"line":39,"column":70},"end":{"line":39,"column":78}}],"line":39},"7":{"loc":{"start":{"line":41,"column":12},"end":{"line":43,"column":13}},"type":"if","locations":[{"start":{"line":41,"column":12},"end":{"line":43,"column":13}},{"start":{},"end":{}}],"line":41},"8":{"loc":{"start":{"line":41,"column":16},"end":{"line":41,"column":52}},"type":"binary-expr","locations":[{"start":{"line":41,"column":16},"end":{"line":41,"column":32}},{"start":{"line":41,"column":36},"end":{"line":41,"column":52}}],"line":41}},"s":{"0":1,"1":1,"2":1,"3":1,"4":3,"5":3,"6":3,"7":3,"8":3,"9":3,"10":3,"11":3,"12":1,"13":7,"14":7,"15":5,"16":5,"17":2,"18":2,"19":7,"20":7,"21":21,"22":21,"23":21,"24":0,"25":21,"26":7,"27":6,"28":14,"29":14},"f":{"0":1,"1":7,"2":6,"3":14},"b":{"0":[4,3],"1":[3,0],"2":[3,0],"3":[3,3],"4":[5,2],"5":[15,6],"6":[15,6],"7":[0,21],"8":[21,21]},"_coverageSchema":"1a1c01bbd47fc00a2c39e90264f33305004495a9","hash":"db0e82a42ee40b5bcd8346b1a92533a90b4a26ac"}
}
