TN:
SF:src\models\Board.js
FN:4,(anonymous_0)
FN:6,(anonymous_1)
FN:10,(anonymous_2)
FN:14,(anonymous_3)
FN:17,(anonymous_4)
FN:24,(anonymous_5)
FN:53,(anonymous_6)
FN:57,(anonymous_7)
FNF:8
FNH:8
FNDA:14,(anonymous_0)
FNDA:140,(anonymous_1)
FNDA:9,(anonymous_2)
FNDA:8,(anonymous_3)
FNDA:20,(anonymous_4)
FNDA:6,(anonymous_5)
FNDA:14,(anonymous_6)
FNDA:1,(anonymous_7)
DA:5,14
DA:6,140
DA:7,14
DA:11,9
DA:15,8
DA:16,8
DA:17,8
DA:18,20
DA:19,20
DA:25,6
DA:26,1
DA:29,5
DA:30,5
DA:31,0
DA:34,5
DA:35,5
DA:36,1
DA:38,4
DA:39,3
DA:40,3
DA:49,1
DA:50,1
DA:54,14
DA:58,1
DA:59,10
DA:60,1
DA:62,1
DA:63,10
DA:64,10
DA:67,1
LF:30
LH:29
BRDA:4,0,0,0
BRDA:11,1,0,9
BRDA:11,1,1,8
BRDA:11,1,2,7
BRDA:11,1,3,7
BRDA:14,2,0,0
BRDA:16,3,0,8
BRDA:16,3,1,0
BRDA:25,4,0,1
BRDA:25,4,1,5
BRDA:30,5,0,0
BRDA:30,5,1,5
BRDA:35,6,0,1
BRDA:35,6,1,4
BRDA:38,7,0,3
BRDA:38,7,1,1
BRDA:44,8,0,2
BRDA:44,8,1,1
BRF:18
BRH:14
end_of_record
TN:
SF:src\models\Player.js
FN:2,(anonymous_0)
FN:9,(anonymous_1)
FN:13,(anonymous_2)
FN:17,(anonymous_3)
FN:40,(anonymous_4)
FN:64,(anonymous_5)
FNF:6
FNH:6
FNDA:18,(anonymous_0)
FNDA:1,(anonymous_1)
FNDA:32,(anonymous_2)
FNDA:12,(anonymous_3)
FNDA:5,(anonymous_4)
FNDA:1,(anonymous_5)
DA:3,18
DA:4,18
DA:5,18
DA:6,18
DA:10,1
DA:14,32
DA:18,12
DA:19,1
DA:20,1
DA:21,1
DA:23,0
DA:24,0
DA:26,0
DA:29,11
DA:31,11
DA:32,11
DA:33,11
DA:34,11
DA:37,11
DA:41,5
DA:42,5
DA:43,5
DA:45,5
DA:52,5
DA:53,20
DA:55,18
DA:56,18
DA:57,18
DA:65,1
DA:66,1
DA:67,1
LF:31
LH:28
BRDA:2,0,0,0
BRDA:18,1,0,1
BRDA:18,1,1,11
BRDA:18,2,0,12
BRDA:18,2,1,1
BRDA:20,3,0,1
BRDA:20,3,1,0
BRDA:23,4,0,0
BRDA:23,4,1,0
BRDA:41,5,0,5
BRDA:41,5,1,0
BRDA:41,6,0,5
BRDA:41,6,1,5
BRDA:53,7,0,18
BRDA:53,7,1,2
BRDA:53,8,0,20
BRDA:53,8,1,19
BRDA:53,8,2,19
BRDA:53,8,3,18
BRDA:56,9,0,18
BRDA:56,9,1,0
BRDA:56,10,0,18
BRDA:56,10,1,18
BRDA:65,11,0,1
BRDA:65,11,1,0
BRF:25
BRH:18
end_of_record
TN:
SF:src\models\Ship.js
FN:2,(anonymous_0)
FN:7,(anonymous_1)
FN:8,(anonymous_2)
FN:11,(anonymous_3)
FN:20,(anonymous_4)
FNF:5
FNH:5
FNDA:14,(anonymous_0)
FNDA:8,(anonymous_1)
FNDA:12,(anonymous_2)
FNDA:10,(anonymous_3)
FNDA:7,(anonymous_4)
DA:3,14
DA:4,14
DA:8,12
DA:12,10
DA:13,10
DA:14,8
DA:15,8
DA:17,2
DA:21,7
DA:22,7
LF:10
LH:10
BRDA:2,0,0,0
BRDA:2,1,0,0
BRDA:13,2,0,8
BRDA:13,2,1,2
BRDA:22,3,0,7
BRDA:22,3,1,6
BRF:6
BRH:4
end_of_record
TN:
SF:src\services\ShipPlacer.js
FN:4,(anonymous_0)
FN:25,(anonymous_1)
FN:51,(anonymous_2)
FN:52,(anonymous_3)
FNF:4
FNH:4
FNDA:1,(anonymous_0)
FNDA:7,(anonymous_1)
FNDA:6,(anonymous_2)
FNDA:14,(anonymous_3)
DA:5,1
DA:6,1
DA:7,1
DA:9,1
DA:10,3
DA:11,3
DA:12,3
DA:14,3
DA:15,3
DA:16,3
DA:17,3
DA:18,3
DA:22,1
DA:26,7
DA:29,7
DA:30,3
DA:31,3
DA:33,4
DA:34,4
DA:37,7
DA:38,21
DA:39,21
DA:41,21
DA:42,0
DA:45,21
DA:48,7
DA:52,6
DA:53,14
DA:54,14
LF:29
LH:28
BRDA:9,0,0,4
BRDA:9,0,1,3
BRDA:11,1,0,1
BRDA:11,1,1,2
BRDA:14,2,0,3
BRDA:14,2,1,0
BRDA:14,3,0,3
BRDA:14,3,1,3
BRDA:29,4,0,3
BRDA:29,4,1,4
BRDA:38,5,0,9
BRDA:38,5,1,12
BRDA:39,6,0,9
BRDA:39,6,1,12
BRDA:41,7,0,0
BRDA:41,7,1,21
BRDA:41,8,0,21
BRDA:41,8,1,21
BRF:18
BRH:16
end_of_record
